[2022-04-05 11:17:26.034] [exthost] [info] Extension host with pid 12906 started
[2022-04-05 11:17:26.035] [exthost] [info] Skipping acquiring lock for /root/Desktop/projects/nodejsbegins/.vscode/User/workspaceStorage/0cb8c77a4e54ead80d12a0cb97c7c639.
[2022-04-05 11:17:26.904] [exthost] [info] ExtensionService#_doActivateExtension vscode.debug-auto-launch, startup: true, activationEvent: '*'
[2022-04-05 11:17:26.952] [exthost] [info] ExtensionService#_doActivateExtension vscode.git-base, startup: true, activationEvent: '*', root cause: vscode.git
[2022-04-05 11:17:26.990] [exthost] [info] ExtensionService#_doActivateExtension vscode.ipynb, startup: true, activationEvent: '*'
[2022-04-05 11:17:27.031] [exthost] [info] ExtensionService#_doActivateExtension vscode.npm, startup: true, activationEvent: 'workspaceContains:package.json'
[2022-04-05 11:17:27.207] [exthost] [info] ExtensionService#_doActivateExtension vscode.git, startup: true, activationEvent: '*'
[2022-04-05 11:17:27.318] [exthost] [info] ExtensionService#_doActivateExtension vscode.github, startup: true, activationEvent: '*'
[2022-04-05 11:17:28.629] [exthost] [info] Eager extensions activated
[2022-04-05 11:17:28.741] [exthost] [info] ExtensionService#_doActivateExtension vscode.emmet, startup: false, activationEvent: 'onStartupFinished'
[2022-04-05 11:17:28.812] [exthost] [info] ExtensionService#_doActivateExtension vscode.merge-conflict, startup: false, activationEvent: 'onStartupFinished'
[2022-04-05 11:17:28.841] [exthost] [info] ExtensionService#_doActivateExtension formulahendry.code-runner, startup: false, activationEvent: 'onStartupFinished'
[2022-04-05 11:17:29.410] [exthost] [info] ExtensionService#_doActivateExtension ritwickdey.LiveServer, startup: false, activationEvent: 'onStartupFinished'
[2022-04-05 11:30:13.193] [exthost] [info] ExtensionService#_doActivateExtension vscode.typescript-language-features, startup: false, activationEvent: 'onLanguage:javascript'
[2022-04-05 11:50:16.408] [exthost] [info] ExtensionService#_doActivateExtension vscode.html-language-features, startup: false, activationEvent: 'onLanguage:html'
[2022-04-05 12:08:54.117] [exthost] [info] ExtensionService#_doActivateExtension vscode.configuration-editing, startup: false, activationEvent: 'onLanguage:jsonc'
[2022-04-05 12:08:54.211] [exthost] [info] ExtensionService#_doActivateExtension vscode.json-language-features, startup: false, activationEvent: 'onLanguage:jsonc'
[2022-04-05 12:12:25.959] [exthost] [info] ExtensionService#_doActivateExtension vscode.extension-editing, startup: false, activationEvent: 'onLanguage:json'
[2022-04-05 15:50:44.678] [exthost] [warning] [Decorations] CAPPING events from decorations provider vscode.git 580
[2022-04-05 15:50:48.155] [exthost] [warning] [Decorations] CAPPING events from decorations provider vscode.git 580
[2022-04-05 15:50:55.741] [exthost] [warning] [Decorations] CAPPING events from decorations provider vscode.git 580
[2022-04-05 15:51:01.653] [exthost] [warning] [Decorations] CAPPING events from decorations provider vscode.git 580
[2022-04-05 15:51:09.262] [exthost] [warning] [Decorations] CAPPING events from decorations provider vscode.git 580
[2022-04-05 15:51:16.650] [exthost] [warning] [Decorations] CAPPING events from decorations provider vscode.git 580
[2022-04-05 15:51:22.662] [exthost] [warning] [Decorations] CAPPING events from decorations provider vscode.git 580
[2022-04-05 15:51:30.829] [exthost] [warning] [Decorations] CAPPING events from decorations provider vscode.git 580
[2022-04-05 15:51:38.737] [exthost] [warning] [Decorations] CAPPING events from decorations provider vscode.git 580
[2022-04-05 15:51:46.903] [exthost] [warning] [Decorations] CAPPING events from decorations provider vscode.git 580
[2022-04-05 15:51:54.949] [exthost] [warning] [Decorations] CAPPING events from decorations provider vscode.git 580
