[2022-04-05 11:17:11.817] [main] [info] window#load: attempt to load window (id: 1)
[2022-04-05 11:17:12.039] [main] [info] update#setState idle
[2022-04-05 11:17:12.327] [main] [info] ExtensionHostStarterWorker created
[2022-04-05 11:17:19.227] [main] [info] window#load: window reported ready (id: 1)
[2022-04-05 11:17:21.225] [main] [info] Starting extension host with pid 12891 (fork() took 65 ms).
[2022-04-05 11:17:21.226] [main] [info] ExtensionHostStarterWorker.start() took 158 ms.
[2022-04-05 11:17:21.228] [main] [info] Extension host with pid 12891 exited with code: null, signal: SIGTRAP.
[2022-04-05 11:17:23.159] [main] [info] Starting extension host with pid 12906 (fork() took 48 ms).
[2022-04-05 11:17:23.161] [main] [info] ExtensionHostStarterWorker.start() took 53 ms.
[2022-04-05 11:17:38.248] [main] [info] Enabling inspect port on extension host with pid 12906.
[2022-04-05 11:17:42.053] [main] [info] update#setState checking for updates
[2022-04-05 11:17:42.376] [main] [info] update#setState idle
[2022-04-05 12:17:42.171] [main] [info] update#setState checking for updates
[2022-04-05 12:17:43.397] [main] [info] update#setState idle
[2022-04-05 13:17:42.323] [main] [info] update#setState checking for updates
[2022-04-05 13:17:43.778] [main] [info] update#setState idle
[2022-04-05 14:17:42.631] [main] [info] update#setState checking for updates
[2022-04-05 14:17:44.012] [main] [info] update#setState idle
[2022-04-05 15:17:42.920] [main] [info] update#setState checking for updates
[2022-04-05 15:17:44.274] [main] [info] update#setState idle
[2022-04-05 16:17:44.624] [main] [info] update#setState checking for updates
[2022-04-05 16:17:46.004] [main] [info] update#setState idle
[2022-04-05 17:02:20.944] [main] [info] Waiting for extension host with pid 12906 to exit.
[2022-04-05 17:02:21.938] [main] [info] Extension host with pid 12906 exited with code: 0, signal: null.
