[2022-04-07T09:19:45.870Z] Validating found git in: git
[2022-04-07T09:19:47.171Z] Using git 2.20.1 from git
[2022-04-07T09:19:48.727Z] > git rev-parse --git-dir [187ms]
[2022-04-07T09:19:48.797Z] Open repository: /root/Desktop/projects/nodejsbegins
[2022-04-07T09:20:03.831Z] > git symbolic-ref --short HEAD [105ms]
[2022-04-07T09:20:04.051Z] > git for-each-ref --format=%(refname)%00%(upstream:short)%00%(objectname)%00%(upstream:track) refs/heads/master refs/remotes/master [173ms]
[2022-04-07T09:20:04.502Z] > git remote --verbose [250ms]
[2022-04-07T09:20:04.506Z] > git for-each-ref --sort -committerdate --format %(refname) %(objectname) %(*objectname) [370ms]
[2022-04-07T09:20:05.096Z] > git config --get commit.template [465ms]
[2022-04-07T09:20:05.115Z] > git ls-files --stage -- /root/Desktop/projects/nodejsbegins/views/layouts/header.ejs [102ms]
[2022-04-07T09:20:05.303Z] > git cat-file -s 1bb2f5661fa41bc75c3f70cc9867fc4d7830bf39 [139ms]
[2022-04-07T09:20:12.068Z] > git symbolic-ref --short HEAD [99ms]
[2022-04-07T09:20:12.191Z] > git for-each-ref --format=%(refname)%00%(upstream:short)%00%(objectname)%00%(upstream:track) refs/heads/master refs/remotes/master [72ms]
[2022-04-07T09:20:12.337Z] > git remote --verbose [64ms]
[2022-04-07T09:20:12.349Z] > git for-each-ref --sort -committerdate --format %(refname) %(objectname) %(*objectname) [115ms]
[2022-04-07T09:20:12.656Z] > git config --get commit.template [239ms]
[2022-04-07T09:20:19.061Z] > git symbolic-ref --short HEAD [60ms]
[2022-04-07T09:20:19.156Z] > git for-each-ref --format=%(refname)%00%(upstream:short)%00%(objectname)%00%(upstream:track) refs/heads/master refs/remotes/master [62ms]
[2022-04-07T09:20:19.249Z] > git for-each-ref --sort -committerdate --format %(refname) %(objectname) %(*objectname) [60ms]
[2022-04-07T09:20:19.256Z] > git remote --verbose [34ms]
[2022-04-07T09:20:19.335Z] > git config --get commit.template [35ms]
[2022-04-07T09:20:25.630Z] > git symbolic-ref --short HEAD [66ms]
[2022-04-07T09:20:25.741Z] > git for-each-ref --format=%(refname)%00%(upstream:short)%00%(objectname)%00%(upstream:track) refs/heads/master refs/remotes/master [81ms]
[2022-04-07T09:20:25.848Z] > git for-each-ref --sort -committerdate --format %(refname) %(objectname) %(*objectname) [79ms]
[2022-04-07T09:20:25.854Z] > git remote --verbose [59ms]
[2022-04-07T09:20:25.952Z] > git config --get commit.template [54ms]
[2022-04-07T09:20:32.223Z] > git symbolic-ref --short HEAD [62ms]
[2022-04-07T09:20:32.310Z] > git for-each-ref --format=%(refname)%00%(upstream:short)%00%(objectname)%00%(upstream:track) refs/heads/master refs/remotes/master [60ms]
[2022-04-07T09:20:32.419Z] > git remote --verbose [44ms]
[2022-04-07T09:20:32.424Z] > git for-each-ref --sort -committerdate --format %(refname) %(objectname) %(*objectname) [81ms]
[2022-04-07T09:20:32.933Z] > git config --get commit.template [469ms]
[2022-04-07T09:20:34.081Z] > git ls-files --stage -- /root/Desktop/projects/nodejsbegins/app.js [831ms]
[2022-04-07T09:20:34.219Z] > git cat-file -s 8b002c1f63f4b9f92fec434e708ba6e89ee70682 [99ms]
[2022-04-07T09:20:40.285Z] > git symbolic-ref --short HEAD [82ms]
[2022-04-07T09:20:40.429Z] > git for-each-ref --format=%(refname)%00%(upstream:short)%00%(objectname)%00%(upstream:track) refs/heads/master refs/remotes/master [110ms]
[2022-04-07T09:20:40.627Z] > git for-each-ref --sort -committerdate --format %(refname) %(objectname) %(*objectname) [148ms]
[2022-04-07T09:20:40.634Z] > git remote --verbose [108ms]
[2022-04-07T09:20:41.025Z] > git config --get commit.template [323ms]
[2022-04-07T09:20:47.274Z] > git symbolic-ref --short HEAD [57ms]
[2022-04-07T09:20:47.358Z] > git for-each-ref --format=%(refname)%00%(upstream:short)%00%(objectname)%00%(upstream:track) refs/heads/master refs/remotes/master [55ms]
[2022-04-07T09:20:47.500Z] > git remote --verbose [68ms]
[2022-04-07T09:20:47.502Z] > git for-each-ref --sort -committerdate --format %(refname) %(objectname) %(*objectname) [108ms]
[2022-04-07T09:20:47.594Z] > git config --get commit.template [48ms]
[2022-04-07T09:20:52.146Z] > git ls-files --stage -- /root/Desktop/projects/nodejsbegins/.env [273ms]
[2022-04-07T09:20:54.917Z] > git symbolic-ref --short HEAD [115ms]
[2022-04-07T09:20:55.069Z] > git for-each-ref --format=%(refname)%00%(upstream:short)%00%(objectname)%00%(upstream:track) refs/heads/master refs/remotes/master [98ms]
[2022-04-07T09:20:55.224Z] > git remote --verbose [65ms]
[2022-04-07T09:20:55.227Z] > git for-each-ref --sort -committerdate --format %(refname) %(objectname) %(*objectname) [114ms]
[2022-04-07T09:20:55.543Z] > git config --get commit.template [271ms]
[2022-04-07T09:20:57.433Z] > git ls-files --stage -- /root/Desktop/projects/nodejsbegins/app.js [69ms]
[2022-04-07T09:20:57.532Z] > git cat-file -s 8b002c1f63f4b9f92fec434e708ba6e89ee70682 [67ms]
[2022-04-07T09:21:02.498Z] > git symbolic-ref --short HEAD [93ms]
[2022-04-07T09:21:02.656Z] > git for-each-ref --format=%(refname)%00%(upstream:short)%00%(objectname)%00%(upstream:track) refs/heads/master refs/remotes/master [110ms]
[2022-04-07T09:21:02.792Z] > git for-each-ref --sort -committerdate --format %(refname) %(objectname) %(*objectname) [92ms]
[2022-04-07T09:21:02.801Z] > git remote --verbose [64ms]
[2022-04-07T09:21:03.102Z] > git config --get commit.template [247ms]
[2022-04-07T09:21:09.817Z] > git symbolic-ref --short HEAD [89ms]
[2022-04-07T09:21:09.947Z] > git for-each-ref --format=%(refname)%00%(upstream:short)%00%(objectname)%00%(upstream:track) refs/heads/master refs/remotes/master [91ms]
[2022-04-07T09:21:10.066Z] > git for-each-ref --sort -committerdate --format %(refname) %(objectname) %(*objectname) [75ms]
[2022-04-07T09:21:10.076Z] > git remote --verbose [49ms]
[2022-04-07T09:21:10.390Z] > git config --get commit.template [263ms]
[2022-04-07T09:21:16.628Z] > git symbolic-ref --short HEAD [57ms]
[2022-04-07T09:21:16.731Z] > git for-each-ref --format=%(refname)%00%(upstream:short)%00%(objectname)%00%(upstream:track) refs/heads/master refs/remotes/master [68ms]
[2022-04-07T09:21:16.849Z] > git for-each-ref --sort -committerdate --format %(refname) %(objectname) %(*objectname) [88ms]
[2022-04-07T09:21:16.855Z] > git remote --verbose [54ms]
[2022-04-07T09:21:17.157Z] > git config --get commit.template [252ms]
[2022-04-07T09:21:23.437Z] > git symbolic-ref --short HEAD [88ms]
[2022-04-07T09:21:23.554Z] > git for-each-ref --format=%(refname)%00%(upstream:short)%00%(objectname)%00%(upstream:track) refs/heads/master refs/remotes/master [82ms]
[2022-04-07T09:21:23.685Z] > git remote --verbose [61ms]
[2022-04-07T09:21:23.689Z] > git for-each-ref --sort -committerdate --format %(refname) %(objectname) %(*objectname) [104ms]
[2022-04-07T09:21:23.996Z] > git config --get commit.template [243ms]
[2022-04-07T09:21:30.097Z] > git symbolic-ref --short HEAD [56ms]
[2022-04-07T09:21:30.202Z] > git for-each-ref --format=%(refname)%00%(upstream:short)%00%(objectname)%00%(upstream:track) refs/heads/master refs/remotes/master [82ms]
[2022-04-07T09:21:30.321Z] > git remote --verbose [54ms]
[2022-04-07T09:21:30.322Z] > git for-each-ref --sort -committerdate --format %(refname) %(objectname) %(*objectname) [85ms]
[2022-04-07T09:21:30.401Z] > git config --get commit.template [42ms]
[2022-04-07T09:21:36.492Z] > git symbolic-ref --short HEAD [48ms]
[2022-04-07T09:21:36.580Z] > git for-each-ref --format=%(refname)%00%(upstream:short)%00%(objectname)%00%(upstream:track) refs/heads/master refs/remotes/master [60ms]
[2022-04-07T09:21:36.667Z] > git for-each-ref --sort -committerdate --format %(refname) %(objectname) %(*objectname) [61ms]
[2022-04-07T09:21:36.671Z] > git remote --verbose [35ms]
[2022-04-07T09:21:36.737Z] > git config --get commit.template [35ms]
[2022-04-07T09:21:42.956Z] > git symbolic-ref --short HEAD [56ms]
[2022-04-07T09:21:43.053Z] > git for-each-ref --format=%(refname)%00%(upstream:short)%00%(objectname)%00%(upstream:track) refs/heads/master refs/remotes/master [70ms]
[2022-04-07T09:21:43.157Z] > git for-each-ref --sort -committerdate --format %(refname) %(objectname) %(*objectname) [76ms]
[2022-04-07T09:21:43.161Z] > git remote --verbose [48ms]
[2022-04-07T09:21:43.249Z] > git config --get commit.template [51ms]
[2022-04-07T09:21:49.492Z] > git symbolic-ref --short HEAD [56ms]
[2022-04-07T09:21:49.587Z] > git for-each-ref --format=%(refname)%00%(upstream:short)%00%(objectname)%00%(upstream:track) refs/heads/master refs/remotes/master [69ms]
[2022-04-07T09:21:49.683Z] > git for-each-ref --sort -committerdate --format %(refname) %(objectname) %(*objectname) [66ms]
[2022-04-07T09:21:49.688Z] > git remote --verbose [40ms]
[2022-04-07T09:21:49.766Z] > git config --get commit.template [42ms]
[2022-04-07T09:21:56.643Z] > git symbolic-ref --short HEAD [133ms]
[2022-04-07T09:21:56.779Z] > git for-each-ref --format=%(refname)%00%(upstream:short)%00%(objectname)%00%(upstream:track) refs/heads/master refs/remotes/master [93ms]
[2022-04-07T09:21:56.904Z] > git for-each-ref --sort -committerdate --format %(refname) %(objectname) %(*objectname) [82ms]
[2022-04-07T09:21:56.918Z] > git remote --verbose [59ms]
[2022-04-07T09:21:57.202Z] > git config --get commit.template [226ms]
[2022-04-07T09:22:03.443Z] > git symbolic-ref --short HEAD [58ms]
[2022-04-07T09:22:03.541Z] > git for-each-ref --format=%(refname)%00%(upstream:short)%00%(objectname)%00%(upstream:track) refs/heads/master refs/remotes/master [73ms]
[2022-04-07T09:22:03.654Z] > git remote --verbose [54ms]
[2022-04-07T09:22:03.661Z] > git for-each-ref --sort -committerdate --format %(refname) %(objectname) %(*objectname) [89ms]
[2022-04-07T09:22:03.727Z] > git config --get commit.template [35ms]
[2022-04-07T09:22:10.065Z] > git symbolic-ref --short HEAD [69ms]
[2022-04-07T09:22:10.169Z] > git for-each-ref --format=%(refname)%00%(upstream:short)%00%(objectname)%00%(upstream:track) refs/heads/master refs/remotes/master [74ms]
[2022-04-07T09:22:10.285Z] > git remote --verbose [51ms]
[2022-04-07T09:22:10.291Z] > git for-each-ref --sort -committerdate --format %(refname) %(objectname) %(*objectname) [91ms]
[2022-04-07T09:22:10.379Z] > git config --get commit.template [48ms]
[2022-04-07T09:22:16.815Z] > git symbolic-ref --short HEAD [61ms]
[2022-04-07T09:22:16.916Z] > git for-each-ref --format=%(refname)%00%(upstream:short)%00%(objectname)%00%(upstream:track) refs/heads/master refs/remotes/master [74ms]
[2022-04-07T09:22:17.022Z] > git for-each-ref --sort -committerdate --format %(refname) %(objectname) %(*objectname) [80ms]
[2022-04-07T09:22:17.025Z] > git remote --verbose [55ms]
[2022-04-07T09:22:17.103Z] > git config --get commit.template [42ms]
[2022-04-07T09:22:23.509Z] > git symbolic-ref --short HEAD [70ms]
[2022-04-07T09:22:23.635Z] > git for-each-ref --format=%(refname)%00%(upstream:short)%00%(objectname)%00%(upstream:track) refs/heads/master refs/remotes/master [89ms]
[2022-04-07T09:22:23.744Z] > git for-each-ref --sort -committerdate --format %(refname) %(objectname) %(*objectname) [77ms]
[2022-04-07T09:22:23.751Z] > git remote --verbose [57ms]
[2022-04-07T09:22:23.856Z] > git config --get commit.template [59ms]
[2022-04-07T09:22:30.625Z] > git symbolic-ref --short HEAD [80ms]
[2022-04-07T09:22:30.763Z] > git for-each-ref --format=%(refname)%00%(upstream:short)%00%(objectname)%00%(upstream:track) refs/heads/master refs/remotes/master [96ms]
[2022-04-07T09:22:30.910Z] > git remote --verbose [62ms]
[2022-04-07T09:22:30.912Z] > git for-each-ref --sort -committerdate --format %(refname) %(objectname) %(*objectname) [105ms]
[2022-04-07T09:22:31.196Z] > git config --get commit.template [222ms]
[2022-04-07T09:22:37.611Z] > git symbolic-ref --short HEAD [65ms]
[2022-04-07T09:22:37.716Z] > git for-each-ref --format=%(refname)%00%(upstream:short)%00%(objectname)%00%(upstream:track) refs/heads/master refs/remotes/master [75ms]
[2022-04-07T09:22:37.814Z] > git for-each-ref --sort -committerdate --format %(refname) %(objectname) %(*objectname) [69ms]
[2022-04-07T09:22:37.819Z] > git remote --verbose [45ms]
[2022-04-07T09:22:37.922Z] > git config --get commit.template [61ms]
[2022-04-07T09:22:44.291Z] > git symbolic-ref --short HEAD [94ms]
[2022-04-07T09:22:44.424Z] > git for-each-ref --format=%(refname)%00%(upstream:short)%00%(objectname)%00%(upstream:track) refs/heads/master refs/remotes/master [96ms]
[2022-04-07T09:22:44.550Z] > git remote --verbose [61ms]
[2022-04-07T09:22:44.552Z] > git for-each-ref --sort -committerdate --format %(refname) %(objectname) %(*objectname) [98ms]
[2022-04-07T09:22:44.873Z] > git config --get commit.template [269ms]
[2022-04-07T09:22:51.314Z] > git symbolic-ref --short HEAD [59ms]
[2022-04-07T09:22:51.432Z] > git for-each-ref --format=%(refname)%00%(upstream:short)%00%(objectname)%00%(upstream:track) refs/heads/master refs/remotes/master [85ms]
[2022-04-07T09:22:51.547Z] > git for-each-ref --sort -committerdate --format %(refname) %(objectname) %(*objectname) [75ms]
[2022-04-07T09:22:51.554Z] > git remote --verbose [51ms]
[2022-04-07T09:22:51.636Z] > git config --get commit.template [45ms]
[2022-04-07T09:22:59.274Z] > git symbolic-ref --short HEAD [144ms]
[2022-04-07T09:22:59.473Z] > git for-each-ref --format=%(refname)%00%(upstream:short)%00%(objectname)%00%(upstream:track) refs/heads/master refs/remotes/master [146ms]
[2022-04-07T09:22:59.813Z] > git remote --verbose [213ms]
[2022-04-07T09:22:59.828Z] > git for-each-ref --sort -committerdate --format %(refname) %(objectname) %(*objectname) [297ms]
[2022-04-07T09:23:00.111Z] > git config --get commit.template [217ms]
[2022-04-07T09:23:06.643Z] > git symbolic-ref --short HEAD [66ms]
[2022-04-07T09:23:06.744Z] > git for-each-ref --format=%(refname)%00%(upstream:short)%00%(objectname)%00%(upstream:track) refs/heads/master refs/remotes/master [66ms]
[2022-04-07T09:23:06.849Z] > git for-each-ref --sort -committerdate --format %(refname) %(objectname) %(*objectname) [77ms]
[2022-04-07T09:23:06.851Z] > git remote --verbose [52ms]
[2022-04-07T09:23:06.931Z] > git config --get commit.template [45ms]
[2022-04-07T09:23:13.208Z] > git symbolic-ref --short HEAD [71ms]
[2022-04-07T09:23:13.333Z] > git for-each-ref --format=%(refname)%00%(upstream:short)%00%(objectname)%00%(upstream:track) refs/heads/master refs/remotes/master [92ms]
[2022-04-07T09:23:13.467Z] > git for-each-ref --sort -committerdate --format %(refname) %(objectname) %(*objectname) [101ms]
[2022-04-07T09:23:13.470Z] > git remote --verbose [74ms]
[2022-04-07T09:23:13.671Z] > git config --get commit.template [156ms]
[2022-04-07T09:23:20.012Z] > git symbolic-ref --short HEAD [61ms]
[2022-04-07T09:23:20.129Z] > git for-each-ref --format=%(refname)%00%(upstream:short)%00%(objectname)%00%(upstream:track) refs/heads/master refs/remotes/master [83ms]
[2022-04-07T09:23:20.253Z] > git for-each-ref --sort -committerdate --format %(refname) %(objectname) %(*objectname) [85ms]
[2022-04-07T09:23:20.254Z] > git remote --verbose [56ms]
[2022-04-07T09:23:20.352Z] > git config --get commit.template [53ms]
[2022-04-07T09:23:26.628Z] > git symbolic-ref --short HEAD [53ms]
[2022-04-07T09:23:26.712Z] > git for-each-ref --format=%(refname)%00%(upstream:short)%00%(objectname)%00%(upstream:track) refs/heads/master refs/remotes/master [58ms]
[2022-04-07T09:23:26.814Z] > git for-each-ref --sort -committerdate --format %(refname) %(objectname) %(*objectname) [74ms]
[2022-04-07T09:23:26.820Z] > git remote --verbose [50ms]
[2022-04-07T09:23:26.904Z] > git config --get commit.template [43ms]
[2022-04-07T09:23:33.107Z] > git symbolic-ref --short HEAD [56ms]
[2022-04-07T09:23:33.202Z] > git for-each-ref --format=%(refname)%00%(upstream:short)%00%(objectname)%00%(upstream:track) refs/heads/master refs/remotes/master [65ms]
[2022-04-07T09:23:33.304Z] > git for-each-ref --sort -committerdate --format %(refname) %(objectname) %(*objectname) [72ms]
[2022-04-07T09:23:33.312Z] > git remote --verbose [50ms]
[2022-04-07T09:23:33.381Z] > git config --get commit.template [34ms]
[2022-04-07T09:23:39.594Z] > git symbolic-ref --short HEAD [65ms]
[2022-04-07T09:23:39.698Z] > git for-each-ref --format=%(refname)%00%(upstream:short)%00%(objectname)%00%(upstream:track) refs/heads/master refs/remotes/master [78ms]
[2022-04-07T09:23:39.850Z] > git remote --verbose [69ms]
[2022-04-07T09:23:39.863Z] > git for-each-ref --sort -committerdate --format %(refname) %(objectname) %(*objectname) [131ms]
[2022-04-07T09:23:40.097Z] > git config --get commit.template [164ms]
[2022-04-07T09:23:46.294Z] > git symbolic-ref --short HEAD [53ms]
[2022-04-07T09:23:46.405Z] > git for-each-ref --format=%(refname)%00%(upstream:short)%00%(objectname)%00%(upstream:track) refs/heads/master refs/remotes/master [80ms]
[2022-04-07T09:23:46.513Z] > git remote --verbose [57ms]
[2022-04-07T09:23:46.525Z] > git for-each-ref --sort -committerdate --format %(refname) %(objectname) %(*objectname) [95ms]
[2022-04-07T09:23:46.743Z] > git config --get commit.template [160ms]
[2022-04-07T09:23:52.986Z] > git symbolic-ref --short HEAD [66ms]
[2022-04-07T09:23:53.104Z] > git for-each-ref --format=%(refname)%00%(upstream:short)%00%(objectname)%00%(upstream:track) refs/heads/master refs/remotes/master [85ms]
[2022-04-07T09:23:53.253Z] > git for-each-ref --sort -committerdate --format %(refname) %(objectname) %(*objectname) [104ms]
[2022-04-07T09:23:53.256Z] > git remote --verbose [68ms]
[2022-04-07T09:23:53.556Z] > git config --get commit.template [229ms]
[2022-04-07T09:23:59.727Z] > git symbolic-ref --short HEAD [52ms]
[2022-04-07T09:23:59.839Z] > git for-each-ref --format=%(refname)%00%(upstream:short)%00%(objectname)%00%(upstream:track) refs/heads/master refs/remotes/master [85ms]
[2022-04-07T09:23:59.954Z] > git remote --verbose [58ms]
[2022-04-07T09:23:59.955Z] > git for-each-ref --sort -committerdate --format %(refname) %(objectname) %(*objectname) [87ms]
[2022-04-07T09:24:00.040Z] > git config --get commit.template [51ms]
[2022-04-07T09:24:06.172Z] > git symbolic-ref --short HEAD [47ms]
[2022-04-07T09:24:06.251Z] > git for-each-ref --format=%(refname)%00%(upstream:short)%00%(objectname)%00%(upstream:track) refs/heads/master refs/remotes/master [55ms]
[2022-04-07T09:24:06.332Z] > git for-each-ref --sort -committerdate --format %(refname) %(objectname) %(*objectname) [56ms]
[2022-04-07T09:24:06.358Z] > git remote --verbose [60ms]
[2022-04-07T09:24:06.434Z] > git config --get commit.template [46ms]
[2022-04-07T09:24:12.670Z] > git symbolic-ref --short HEAD [60ms]
[2022-04-07T09:24:12.783Z] > git for-each-ref --format=%(refname)%00%(upstream:short)%00%(objectname)%00%(upstream:track) refs/heads/master refs/remotes/master [82ms]
[2022-04-07T09:24:12.900Z] > git for-each-ref --sort -committerdate --format %(refname) %(objectname) %(*objectname) [89ms]
[2022-04-07T09:24:12.904Z] > git remote --verbose [61ms]
[2022-04-07T09:24:12.991Z] > git config --get commit.template [45ms]
[2022-04-07T09:24:19.377Z] > git symbolic-ref --short HEAD [56ms]
[2022-04-07T09:24:19.502Z] > git for-each-ref --format=%(refname)%00%(upstream:short)%00%(objectname)%00%(upstream:track) refs/heads/master refs/remotes/master [99ms]
[2022-04-07T09:24:19.622Z] > git remote --verbose [55ms]
[2022-04-07T09:24:19.625Z] > git for-each-ref --sort -committerdate --format %(refname) %(objectname) %(*objectname) [91ms]
[2022-04-07T09:24:19.706Z] > git config --get commit.template [42ms]
[2022-04-07T09:24:25.732Z] > git symbolic-ref --short HEAD [52ms]
[2022-04-07T09:24:25.846Z] > git for-each-ref --format=%(refname)%00%(upstream:short)%00%(objectname)%00%(upstream:track) refs/heads/master refs/remotes/master [82ms]
[2022-04-07T09:24:25.999Z] > git remote --verbose [83ms]
[2022-04-07T09:24:26.007Z] > git for-each-ref --sort -committerdate --format %(refname) %(objectname) %(*objectname) [134ms]
[2022-04-07T09:24:26.243Z] > git config --get commit.template [186ms]
[2022-04-07T09:24:32.722Z] > git symbolic-ref --short HEAD [61ms]
[2022-04-07T09:24:32.821Z] > git for-each-ref --format=%(refname)%00%(upstream:short)%00%(objectname)%00%(upstream:track) refs/heads/master refs/remotes/master [71ms]
[2022-04-07T09:24:32.981Z] > git for-each-ref --sort -committerdate --format %(refname) %(objectname) %(*objectname) [124ms]
[2022-04-07T09:24:32.984Z] > git remote --verbose [90ms]
[2022-04-07T09:24:33.247Z] > git config --get commit.template [206ms]
[2022-04-07T09:24:39.559Z] > git symbolic-ref --short HEAD [57ms]
[2022-04-07T09:24:39.650Z] > git for-each-ref --format=%(refname)%00%(upstream:short)%00%(objectname)%00%(upstream:track) refs/heads/master refs/remotes/master [63ms]
[2022-04-07T09:24:39.761Z] > git for-each-ref --sort -committerdate --format %(refname) %(objectname) %(*objectname) [81ms]
[2022-04-07T09:24:39.769Z] > git remote --verbose [60ms]
[2022-04-07T09:24:39.868Z] > git config --get commit.template [57ms]
[2022-04-07T09:24:46.174Z] > git symbolic-ref --short HEAD [60ms]
[2022-04-07T09:24:46.273Z] > git for-each-ref --format=%(refname)%00%(upstream:short)%00%(objectname)%00%(upstream:track) refs/heads/master refs/remotes/master [71ms]
[2022-04-07T09:24:46.384Z] > git for-each-ref --sort -committerdate --format %(refname) %(objectname) %(*objectname) [83ms]
[2022-04-07T09:24:46.387Z] > git remote --verbose [53ms]
[2022-04-07T09:24:46.472Z] > git config --get commit.template [48ms]
[2022-04-07T09:24:52.700Z] > git symbolic-ref --short HEAD [56ms]
[2022-04-07T09:24:52.807Z] > git for-each-ref --format=%(refname)%00%(upstream:short)%00%(objectname)%00%(upstream:track) refs/heads/master refs/remotes/master [79ms]
[2022-04-07T09:24:52.925Z] > git for-each-ref --sort -committerdate --format %(refname) %(objectname) %(*objectname) [87ms]
[2022-04-07T09:24:52.926Z] > git remote --verbose [55ms]
[2022-04-07T09:24:53.004Z] > git config --get commit.template [35ms]
[2022-04-07T09:24:59.185Z] > git symbolic-ref --short HEAD [57ms]
[2022-04-07T09:24:59.297Z] > git for-each-ref --format=%(refname)%00%(upstream:short)%00%(objectname)%00%(upstream:track) refs/heads/master refs/remotes/master [81ms]
[2022-04-07T09:24:59.403Z] > git for-each-ref --sort -committerdate --format %(refname) %(objectname) %(*objectname) [78ms]
[2022-04-07T09:24:59.404Z] > git remote --verbose [49ms]
[2022-04-07T09:24:59.707Z] > git config --get commit.template [262ms]
[2022-04-07T09:25:05.965Z] > git symbolic-ref --short HEAD [60ms]
[2022-04-07T09:25:06.066Z] > git for-each-ref --format=%(refname)%00%(upstream:short)%00%(objectname)%00%(upstream:track) refs/heads/master refs/remotes/master [73ms]
[2022-04-07T09:25:06.188Z] > git for-each-ref --sort -committerdate --format %(refname) %(objectname) %(*objectname) [92ms]
[2022-04-07T09:25:06.201Z] > git remote --verbose [64ms]
[2022-04-07T09:25:06.283Z] > git config --get commit.template [44ms]
[2022-04-07T09:25:12.687Z] > git symbolic-ref --short HEAD [53ms]
[2022-04-07T09:25:12.781Z] > git for-each-ref --format=%(refname)%00%(upstream:short)%00%(objectname)%00%(upstream:track) refs/heads/master refs/remotes/master [65ms]
[2022-04-07T09:25:12.899Z] > git for-each-ref --sort -committerdate --format %(refname) %(objectname) %(*objectname) [69ms]
[2022-04-07T09:25:12.904Z] > git remote --verbose [41ms]
[2022-04-07T09:25:12.974Z] > git config --get commit.template [36ms]
[2022-04-07T09:25:19.354Z] > git symbolic-ref --short HEAD [53ms]
[2022-04-07T09:25:19.432Z] > git for-each-ref --format=%(refname)%00%(upstream:short)%00%(objectname)%00%(upstream:track) refs/heads/master refs/remotes/master [53ms]
[2022-04-07T09:25:19.514Z] > git for-each-ref --sort -committerdate --format %(refname) %(objectname) %(*objectname) [57ms]
[2022-04-07T09:25:19.519Z] > git remote --verbose [40ms]
[2022-04-07T09:25:19.773Z] > git config --get commit.template [225ms]
[2022-04-07T09:25:26.046Z] > git symbolic-ref --short HEAD [68ms]
[2022-04-07T09:25:26.149Z] > git for-each-ref --format=%(refname)%00%(upstream:short)%00%(objectname)%00%(upstream:track) refs/heads/master refs/remotes/master [77ms]
[2022-04-07T09:25:26.254Z] > git for-each-ref --sort -committerdate --format %(refname) %(objectname) %(*objectname) [78ms]
[2022-04-07T09:25:26.257Z] > git remote --verbose [54ms]
[2022-04-07T09:25:26.354Z] > git config --get commit.template [55ms]
[2022-04-07T09:25:32.743Z] > git symbolic-ref --short HEAD [59ms]
[2022-04-07T09:25:32.835Z] > git for-each-ref --format=%(refname)%00%(upstream:short)%00%(objectname)%00%(upstream:track) refs/heads/master refs/remotes/master [65ms]
[2022-04-07T09:25:32.956Z] > git for-each-ref --sort -committerdate --format %(refname) %(objectname) %(*objectname) [93ms]
[2022-04-07T09:25:32.959Z] > git remote --verbose [66ms]
[2022-04-07T09:25:33.036Z] > git config --get commit.template [45ms]
[2022-04-07T09:25:39.254Z] > git symbolic-ref --short HEAD [65ms]
[2022-04-07T09:25:39.365Z] > git for-each-ref --format=%(refname)%00%(upstream:short)%00%(objectname)%00%(upstream:track) refs/heads/master refs/remotes/master [79ms]
[2022-04-07T09:25:39.503Z] > git for-each-ref --sort -committerdate --format %(refname) %(objectname) %(*objectname) [109ms]
[2022-04-07T09:25:39.509Z] > git remote --verbose [86ms]
[2022-04-07T09:25:39.779Z] > git config --get commit.template [220ms]
[2022-04-07T09:25:46.183Z] > git symbolic-ref --short HEAD [71ms]
[2022-04-07T09:25:46.284Z] > git for-each-ref --format=%(refname)%00%(upstream:short)%00%(objectname)%00%(upstream:track) refs/heads/master refs/remotes/master [74ms]
[2022-04-07T09:25:46.386Z] > git for-each-ref --sort -committerdate --format %(refname) %(objectname) %(*objectname) [74ms]
[2022-04-07T09:25:46.390Z] > git remote --verbose [52ms]
[2022-04-07T09:25:46.482Z] > git config --get commit.template [47ms]
[2022-04-07T09:25:52.750Z] > git symbolic-ref --short HEAD [61ms]
[2022-04-07T09:25:52.878Z] > git for-each-ref --format=%(refname)%00%(upstream:short)%00%(objectname)%00%(upstream:track) refs/heads/master refs/remotes/master [85ms]
[2022-04-07T09:25:53.003Z] > git for-each-ref --sort -committerdate --format %(refname) %(objectname) %(*objectname) [85ms]
[2022-04-07T09:25:53.011Z] > git remote --verbose [55ms]
[2022-04-07T09:25:53.099Z] > git config --get commit.template [51ms]
[2022-04-07T09:25:59.524Z] > git symbolic-ref --short HEAD [72ms]
[2022-04-07T09:25:59.646Z] > git for-each-ref --format=%(refname)%00%(upstream:short)%00%(objectname)%00%(upstream:track) refs/heads/master refs/remotes/master [86ms]
[2022-04-07T09:25:59.798Z] > git remote --verbose [78ms]
[2022-04-07T09:25:59.802Z] > git for-each-ref --sort -committerdate --format %(refname) %(objectname) %(*objectname) [122ms]
[2022-04-07T09:26:00.103Z] > git config --get commit.template [249ms]
[2022-04-07T09:26:04.564Z] > git log --format=%H%n%aN%n%aE%n%at%n%ct%n%P%n%B -z -n21 -- /root/Desktop/projects/nodejsbegins/app.js [164ms]
[2022-04-07T09:26:06.703Z] > git symbolic-ref --short HEAD [63ms]
[2022-04-07T09:26:06.812Z] > git for-each-ref --format=%(refname)%00%(upstream:short)%00%(objectname)%00%(upstream:track) refs/heads/master refs/remotes/master [81ms]
[2022-04-07T09:26:06.935Z] > git for-each-ref --sort -committerdate --format %(refname) %(objectname) %(*objectname) [94ms]
[2022-04-07T09:26:06.940Z] > git remote --verbose [66ms]
[2022-04-07T09:26:07.187Z] > git config --get commit.template [197ms]
[2022-04-07T09:26:11.918Z] > git ls-files --stage -- /root/Desktop/projects/nodejsbegins/.env [83ms]
[2022-04-07T09:26:13.625Z] > git symbolic-ref --short HEAD [62ms]
[2022-04-07T09:26:13.726Z] > git for-each-ref --format=%(refname)%00%(upstream:short)%00%(objectname)%00%(upstream:track) refs/heads/master refs/remotes/master [70ms]
[2022-04-07T09:26:13.844Z] > git for-each-ref --sort -committerdate --format %(refname) %(objectname) %(*objectname) [81ms]
[2022-04-07T09:26:13.852Z] > git remote --verbose [56ms]
[2022-04-07T09:26:13.936Z] > git config --get commit.template [42ms]
[2022-04-07T09:26:20.167Z] > git symbolic-ref --short HEAD [85ms]
[2022-04-07T09:26:20.268Z] > git for-each-ref --format=%(refname)%00%(upstream:short)%00%(objectname)%00%(upstream:track) refs/heads/master refs/remotes/master [69ms]
[2022-04-07T09:26:20.373Z] > git for-each-ref --sort -committerdate --format %(refname) %(objectname) %(*objectname) [77ms]
[2022-04-07T09:26:20.377Z] > git remote --verbose [54ms]
[2022-04-07T09:26:20.454Z] > git config --get commit.template [40ms]
[2022-04-07T09:26:26.659Z] > git symbolic-ref --short HEAD [47ms]
[2022-04-07T09:26:26.749Z] > git for-each-ref --format=%(refname)%00%(upstream:short)%00%(objectname)%00%(upstream:track) refs/heads/master refs/remotes/master [63ms]
[2022-04-07T09:26:26.834Z] > git for-each-ref --sort -committerdate --format %(refname) %(objectname) %(*objectname) [56ms]
[2022-04-07T09:26:26.839Z] > git remote --verbose [34ms]
[2022-04-07T09:26:26.918Z] > git config --get commit.template [38ms]
[2022-04-07T09:26:33.114Z] > git symbolic-ref --short HEAD [63ms]
[2022-04-07T09:26:33.220Z] > git for-each-ref --format=%(refname)%00%(upstream:short)%00%(objectname)%00%(upstream:track) refs/heads/master refs/remotes/master [79ms]
[2022-04-07T09:26:33.331Z] > git for-each-ref --sort -committerdate --format %(refname) %(objectname) %(*objectname) [79ms]
[2022-04-07T09:26:33.335Z] > git remote --verbose [51ms]
[2022-04-07T09:26:33.413Z] > git config --get commit.template [41ms]
[2022-04-07T09:26:39.719Z] > git symbolic-ref --short HEAD [56ms]
[2022-04-07T09:26:39.816Z] > git for-each-ref --format=%(refname)%00%(upstream:short)%00%(objectname)%00%(upstream:track) refs/heads/master refs/remotes/master [71ms]
[2022-04-07T09:26:39.911Z] > git remote --verbose [43ms]
[2022-04-07T09:26:39.913Z] > git for-each-ref --sort -committerdate --format %(refname) %(objectname) %(*objectname) [73ms]
[2022-04-07T09:26:39.995Z] > git config --get commit.template [48ms]
[2022-04-07T09:26:46.319Z] > git symbolic-ref --short HEAD [54ms]
[2022-04-07T09:26:46.423Z] > git for-each-ref --format=%(refname)%00%(upstream:short)%00%(objectname)%00%(upstream:track) refs/heads/master refs/remotes/master [70ms]
[2022-04-07T09:26:46.529Z] > git remote --verbose [50ms]
[2022-04-07T09:26:46.531Z] > git for-each-ref --sort -committerdate --format %(refname) %(objectname) %(*objectname) [80ms]
[2022-04-07T09:26:46.608Z] > git config --get commit.template [44ms]
[2022-04-07T09:26:52.684Z] > git symbolic-ref --short HEAD [45ms]
[2022-04-07T09:26:52.774Z] > git for-each-ref --format=%(refname)%00%(upstream:short)%00%(objectname)%00%(upstream:track) refs/heads/master refs/remotes/master [61ms]
[2022-04-07T09:26:52.894Z] > git for-each-ref --sort -committerdate --format %(refname) %(objectname) %(*objectname) [74ms]
[2022-04-07T09:26:52.983Z] > git remote --verbose [131ms]
[2022-04-07T09:26:53.077Z] > git config --get commit.template [50ms]
[2022-04-07T09:26:59.372Z] > git symbolic-ref --short HEAD [63ms]
[2022-04-07T09:26:59.483Z] > git for-each-ref --format=%(refname)%00%(upstream:short)%00%(objectname)%00%(upstream:track) refs/heads/master refs/remotes/master [84ms]
[2022-04-07T09:26:59.608Z] > git for-each-ref --sort -committerdate --format %(refname) %(objectname) %(*objectname) [96ms]
[2022-04-07T09:26:59.611Z] > git remote --verbose [68ms]
[2022-04-07T09:26:59.706Z] > git config --get commit.template [49ms]
[2022-04-07T09:27:06.145Z] > git symbolic-ref --short HEAD [80ms]
[2022-04-07T09:27:06.279Z] > git for-each-ref --format=%(refname)%00%(upstream:short)%00%(objectname)%00%(upstream:track) refs/heads/master refs/remotes/master [98ms]
[2022-04-07T09:27:06.423Z] > git for-each-ref --sort -committerdate --format %(refname) %(objectname) %(*objectname) [109ms]
[2022-04-07T09:27:06.427Z] > git remote --verbose [70ms]
[2022-04-07T09:27:06.521Z] > git config --get commit.template [54ms]
[2022-04-07T09:27:11.140Z] > git ls-files --stage -- /root/Desktop/projects/nodejsbegins/app.js [75ms]
[2022-04-07T09:27:11.273Z] > git cat-file -s 8b002c1f63f4b9f92fec434e708ba6e89ee70682 [81ms]
[2022-04-07T09:27:13.060Z] > git symbolic-ref --short HEAD [56ms]
[2022-04-07T09:27:13.158Z] > git for-each-ref --format=%(refname)%00%(upstream:short)%00%(objectname)%00%(upstream:track) refs/heads/master refs/remotes/master [68ms]
[2022-04-07T09:27:13.279Z] > git remote --verbose [52ms]
[2022-04-07T09:27:13.285Z] > git for-each-ref --sort -committerdate --format %(refname) %(objectname) %(*objectname) [95ms]
[2022-04-07T09:27:13.384Z] > git config --get commit.template [48ms]
[2022-04-07T09:27:19.641Z] > git symbolic-ref --short HEAD [66ms]
[2022-04-07T09:27:19.749Z] > git for-each-ref --format=%(refname)%00%(upstream:short)%00%(objectname)%00%(upstream:track) refs/heads/master refs/remotes/master [78ms]
[2022-04-07T09:27:19.873Z] > git for-each-ref --sort -committerdate --format %(refname) %(objectname) %(*objectname) [95ms]
[2022-04-07T09:27:19.876Z] > git remote --verbose [67ms]
[2022-04-07T09:27:20.148Z] > git config --get commit.template [223ms]
[2022-04-07T09:27:26.497Z] > git symbolic-ref --short HEAD [63ms]
[2022-04-07T09:27:26.599Z] > git for-each-ref --format=%(refname)%00%(upstream:short)%00%(objectname)%00%(upstream:track) refs/heads/master refs/remotes/master [76ms]
[2022-04-07T09:27:26.716Z] > git for-each-ref --sort -committerdate --format %(refname) %(objectname) %(*objectname) [86ms]
[2022-04-07T09:27:26.717Z] > git remote --verbose [56ms]
[2022-04-07T09:27:26.813Z] > git config --get commit.template [56ms]
[2022-04-07T09:27:32.990Z] > git symbolic-ref --short HEAD [46ms]
[2022-04-07T09:27:33.079Z] > git for-each-ref --format=%(refname)%00%(upstream:short)%00%(objectname)%00%(upstream:track) refs/heads/master refs/remotes/master [65ms]
[2022-04-07T09:27:33.194Z] > git for-each-ref --sort -committerdate --format %(refname) %(objectname) %(*objectname) [89ms]
[2022-04-07T09:27:33.204Z] > git remote --verbose [72ms]
[2022-04-07T09:27:33.298Z] > git config --get commit.template [55ms]
[2022-04-07T09:27:40.213Z] > git symbolic-ref --short HEAD [111ms]
[2022-04-07T09:27:40.354Z] > git for-each-ref --format=%(refname)%00%(upstream:short)%00%(objectname)%00%(upstream:track) refs/heads/master refs/remotes/master [102ms]
[2022-04-07T09:27:40.485Z] > git for-each-ref --sort -committerdate --format %(refname) %(objectname) %(*objectname) [98ms]
[2022-04-07T09:27:40.489Z] > git remote --verbose [64ms]
[2022-04-07T09:27:40.578Z] > git config --get commit.template [49ms]
[2022-04-07T09:27:46.948Z] > git symbolic-ref --short HEAD [65ms]
[2022-04-07T09:27:47.059Z] > git for-each-ref --format=%(refname)%00%(upstream:short)%00%(objectname)%00%(upstream:track) refs/heads/master refs/remotes/master [82ms]
[2022-04-07T09:27:47.176Z] > git for-each-ref --sort -committerdate --format %(refname) %(objectname) %(*objectname) [87ms]
[2022-04-07T09:27:47.180Z] > git remote --verbose [58ms]
[2022-04-07T09:27:47.266Z] > git config --get commit.template [47ms]
[2022-04-07T09:27:53.627Z] > git symbolic-ref --short HEAD [52ms]
[2022-04-07T09:27:53.728Z] > git for-each-ref --format=%(refname)%00%(upstream:short)%00%(objectname)%00%(upstream:track) refs/heads/master refs/remotes/master [73ms]
[2022-04-07T09:27:53.849Z] > git for-each-ref --sort -committerdate --format %(refname) %(objectname) %(*objectname) [93ms]
[2022-04-07T09:27:53.852Z] > git remote --verbose [67ms]
[2022-04-07T09:27:54.080Z] > git config --get commit.template [181ms]
[2022-04-07T09:28:00.305Z] > git symbolic-ref --short HEAD [56ms]
[2022-04-07T09:28:00.412Z] > git for-each-ref --format=%(refname)%00%(upstream:short)%00%(objectname)%00%(upstream:track) refs/heads/master refs/remotes/master [80ms]
[2022-04-07T09:28:00.532Z] > git remote --verbose [54ms]
[2022-04-07T09:28:00.538Z] > git for-each-ref --sort -committerdate --format %(refname) %(objectname) %(*objectname) [100ms]
[2022-04-07T09:28:00.615Z] > git config --get commit.template [43ms]
[2022-04-07T09:28:08.330Z] > git symbolic-ref --short HEAD [70ms]
[2022-04-07T09:28:08.440Z] > git for-each-ref --format=%(refname)%00%(upstream:short)%00%(objectname)%00%(upstream:track) refs/heads/master refs/remotes/master [83ms]
[2022-04-07T09:28:08.572Z] > git remote --verbose [59ms]
[2022-04-07T09:28:08.575Z] > git for-each-ref --sort -committerdate --format %(refname) %(objectname) %(*objectname) [98ms]
[2022-04-07T09:28:08.651Z] > git config --get commit.template [38ms]
[2022-04-07T09:28:14.859Z] > git symbolic-ref --short HEAD [50ms]
[2022-04-07T09:28:14.959Z] > git for-each-ref --format=%(refname)%00%(upstream:short)%00%(objectname)%00%(upstream:track) refs/heads/master refs/remotes/master [73ms]
[2022-04-07T09:28:15.055Z] > git remote --verbose [45ms]
[2022-04-07T09:28:15.059Z] > git for-each-ref --sort -committerdate --format %(refname) %(objectname) %(*objectname) [75ms]
[2022-04-07T09:28:15.129Z] > git config --get commit.template [38ms]
[2022-04-07T09:28:21.431Z] > git symbolic-ref --short HEAD [59ms]
[2022-04-07T09:28:21.529Z] > git for-each-ref --format=%(refname)%00%(upstream:short)%00%(objectname)%00%(upstream:track) refs/heads/master refs/remotes/master [70ms]
[2022-04-07T09:28:21.636Z] > git remote --verbose [52ms]
[2022-04-07T09:28:21.637Z] > git for-each-ref --sort -committerdate --format %(refname) %(objectname) %(*objectname) [81ms]
[2022-04-07T09:28:21.724Z] > git config --get commit.template [46ms]
[2022-04-07T09:28:28.500Z] > git symbolic-ref --short HEAD [63ms]
[2022-04-07T09:28:28.585Z] > git for-each-ref --format=%(refname)%00%(upstream:short)%00%(objectname)%00%(upstream:track) refs/heads/master refs/remotes/master [60ms]
[2022-04-07T09:28:28.672Z] > git for-each-ref --sort -committerdate --format %(refname) %(objectname) %(*objectname) [63ms]
[2022-04-07T09:28:28.675Z] > git remote --verbose [41ms]
[2022-04-07T09:28:28.757Z] > git config --get commit.template [38ms]
[2022-04-07T09:28:35.073Z] > git symbolic-ref --short HEAD [58ms]
[2022-04-07T09:28:35.174Z] > git for-each-ref --format=%(refname)%00%(upstream:short)%00%(objectname)%00%(upstream:track) refs/heads/master refs/remotes/master [73ms]
[2022-04-07T09:28:35.299Z] > git for-each-ref --sort -committerdate --format %(refname) %(objectname) %(*objectname) [90ms]
[2022-04-07T09:28:35.303Z] > git remote --verbose [61ms]
[2022-04-07T09:28:35.391Z] > git config --get commit.template [49ms]
[2022-04-07T09:28:41.568Z] > git symbolic-ref --short HEAD [46ms]
[2022-04-07T09:28:41.661Z] > git for-each-ref --format=%(refname)%00%(upstream:short)%00%(objectname)%00%(upstream:track) refs/heads/master refs/remotes/master [70ms]
[2022-04-07T09:28:41.771Z] > git remote --verbose [57ms]
[2022-04-07T09:28:41.772Z] > git for-each-ref --sort -committerdate --format %(refname) %(objectname) %(*objectname) [86ms]
[2022-04-07T09:28:41.843Z] > git config --get commit.template [39ms]
[2022-04-07T09:28:48.158Z] > git symbolic-ref --short HEAD [63ms]
[2022-04-07T09:28:48.281Z] > git for-each-ref --format=%(refname)%00%(upstream:short)%00%(objectname)%00%(upstream:track) refs/heads/master refs/remotes/master [92ms]
[2022-04-07T09:28:48.429Z] > git for-each-ref --sort -committerdate --format %(refname) %(objectname) %(*objectname) [110ms]
[2022-04-07T09:28:48.436Z] > git remote --verbose [78ms]
[2022-04-07T09:28:48.713Z] > git config --get commit.template [212ms]
[2022-04-07T09:28:55.067Z] > git symbolic-ref --short HEAD [52ms]
[2022-04-07T09:28:55.171Z] > git for-each-ref --format=%(refname)%00%(upstream:short)%00%(objectname)%00%(upstream:track) refs/heads/master refs/remotes/master [74ms]
[2022-04-07T09:28:55.302Z] > git remote --verbose [80ms]
[2022-04-07T09:28:55.315Z] > git for-each-ref --sort -committerdate --format %(refname) %(objectname) %(*objectname) [119ms]
[2022-04-07T09:28:55.411Z] > git config --get commit.template [50ms]
[2022-04-07T09:29:01.665Z] > git symbolic-ref --short HEAD [54ms]
[2022-04-07T09:29:01.768Z] > git for-each-ref --format=%(refname)%00%(upstream:short)%00%(objectname)%00%(upstream:track) refs/heads/master refs/remotes/master [72ms]
[2022-04-07T09:29:01.913Z] > git for-each-ref --sort -committerdate --format %(refname) %(objectname) %(*objectname) [115ms]
[2022-04-07T09:29:01.918Z] > git remote --verbose [80ms]
[2022-04-07T09:29:02.019Z] > git config --get commit.template [52ms]
[2022-04-07T09:29:08.804Z] > git symbolic-ref --short HEAD [57ms]
[2022-04-07T09:29:08.910Z] > git for-each-ref --format=%(refname)%00%(upstream:short)%00%(objectname)%00%(upstream:track) refs/heads/master refs/remotes/master [75ms]
[2022-04-07T09:29:09.032Z] > git for-each-ref --sort -committerdate --format %(refname) %(objectname) %(*objectname) [88ms]
[2022-04-07T09:29:09.037Z] > git remote --verbose [54ms]
[2022-04-07T09:29:09.130Z] > git config --get commit.template [54ms]
[2022-04-07T09:29:15.475Z] > git symbolic-ref --short HEAD [60ms]
[2022-04-07T09:29:15.580Z] > git for-each-ref --format=%(refname)%00%(upstream:short)%00%(objectname)%00%(upstream:track) refs/heads/master refs/remotes/master [75ms]
[2022-04-07T09:29:15.686Z] > git for-each-ref --sort -committerdate --format %(refname) %(objectname) %(*objectname) [78ms]
[2022-04-07T09:29:15.689Z] > git remote --verbose [50ms]
[2022-04-07T09:29:15.781Z] > git config --get commit.template [49ms]
[2022-04-07T09:29:22.033Z] > git symbolic-ref --short HEAD [51ms]
[2022-04-07T09:29:22.133Z] > git for-each-ref --format=%(refname)%00%(upstream:short)%00%(objectname)%00%(upstream:track) refs/heads/master refs/remotes/master [72ms]
[2022-04-07T09:29:22.242Z] > git for-each-ref --sort -committerdate --format %(refname) %(objectname) %(*objectname) [77ms]
[2022-04-07T09:29:22.246Z] > git remote --verbose [52ms]
[2022-04-07T09:29:22.331Z] > git config --get commit.template [47ms]
[2022-04-07T09:29:28.741Z] > git symbolic-ref --short HEAD [66ms]
[2022-04-07T09:29:28.859Z] > git for-each-ref --format=%(refname)%00%(upstream:short)%00%(objectname)%00%(upstream:track) refs/heads/master refs/remotes/master [85ms]
[2022-04-07T09:29:28.994Z] > git for-each-ref --sort -committerdate --format %(refname) %(objectname) %(*objectname) [100ms]
[2022-04-07T09:29:28.998Z] > git remote --verbose [68ms]
[2022-04-07T09:29:29.088Z] > git config --get commit.template [46ms]
[2022-04-07T09:29:35.425Z] > git symbolic-ref --short HEAD [59ms]
[2022-04-07T09:29:35.536Z] > git for-each-ref --format=%(refname)%00%(upstream:short)%00%(objectname)%00%(upstream:track) refs/heads/master refs/remotes/master [80ms]
[2022-04-07T09:29:35.650Z] > git for-each-ref --sort -committerdate --format %(refname) %(objectname) %(*objectname) [85ms]
[2022-04-07T09:29:35.654Z] > git remote --verbose [57ms]
[2022-04-07T09:29:35.733Z] > git config --get commit.template [44ms]
[2022-04-07T09:29:41.766Z] > git symbolic-ref --short HEAD [47ms]
[2022-04-07T09:29:41.933Z] > git for-each-ref --format=%(refname)%00%(upstream:short)%00%(objectname)%00%(upstream:track) refs/heads/master refs/remotes/master [55ms]
[2022-04-07T09:29:42.026Z] > git for-each-ref --sort -committerdate --format %(refname) %(objectname) %(*objectname) [64ms]
[2022-04-07T09:29:42.029Z] > git remote --verbose [39ms]
[2022-04-07T09:29:42.113Z] > git config --get commit.template [46ms]
[2022-04-07T09:29:48.326Z] > git symbolic-ref --short HEAD [52ms]
[2022-04-07T09:29:48.431Z] > git for-each-ref --format=%(refname)%00%(upstream:short)%00%(objectname)%00%(upstream:track) refs/heads/master refs/remotes/master [73ms]
[2022-04-07T09:29:48.543Z] > git for-each-ref --sort -committerdate --format %(refname) %(objectname) %(*objectname) [80ms]
[2022-04-07T09:29:48.547Z] > git remote --verbose [51ms]
[2022-04-07T09:29:48.644Z] > git config --get commit.template [47ms]
[2022-04-07T09:29:55.006Z] > git symbolic-ref --short HEAD [54ms]
[2022-04-07T09:29:55.097Z] > git for-each-ref --format=%(refname)%00%(upstream:short)%00%(objectname)%00%(upstream:track) refs/heads/master refs/remotes/master [63ms]
[2022-04-07T09:29:55.215Z] > git remote --verbose [58ms]
[2022-04-07T09:29:55.218Z] > git for-each-ref --sort -committerdate --format %(refname) %(objectname) %(*objectname) [91ms]
[2022-04-07T09:29:55.317Z] > git config --get commit.template [65ms]
[2022-04-07T09:30:01.595Z] > git symbolic-ref --short HEAD [61ms]
[2022-04-07T09:30:01.701Z] > git for-each-ref --format=%(refname)%00%(upstream:short)%00%(objectname)%00%(upstream:track) refs/heads/master refs/remotes/master [77ms]
[2022-04-07T09:30:01.815Z] > git for-each-ref --sort -committerdate --format %(refname) %(objectname) %(*objectname) [85ms]
[2022-04-07T09:30:01.820Z] > git remote --verbose [59ms]
[2022-04-07T09:30:01.909Z] > git config --get commit.template [53ms]
[2022-04-07T09:30:08.200Z] > git symbolic-ref --short HEAD [62ms]
[2022-04-07T09:30:08.314Z] > git for-each-ref --format=%(refname)%00%(upstream:short)%00%(objectname)%00%(upstream:track) refs/heads/master refs/remotes/master [86ms]
[2022-04-07T09:30:08.446Z] > git for-each-ref --sort -committerdate --format %(refname) %(objectname) %(*objectname) [103ms]
[2022-04-07T09:30:08.456Z] > git remote --verbose [76ms]
[2022-04-07T09:30:08.548Z] > git config --get commit.template [48ms]
[2022-04-07T09:30:14.844Z] > git symbolic-ref --short HEAD [66ms]
[2022-04-07T09:30:14.979Z] > git for-each-ref --format=%(refname)%00%(upstream:short)%00%(objectname)%00%(upstream:track) refs/heads/master refs/remotes/master [98ms]
[2022-04-07T09:30:15.108Z] > git remote --verbose [65ms]
[2022-04-07T09:30:15.112Z] > git for-each-ref --sort -committerdate --format %(refname) %(objectname) %(*objectname) [103ms]
[2022-04-07T09:30:15.197Z] > git config --get commit.template [49ms]
[2022-04-07T09:30:21.604Z] > git symbolic-ref --short HEAD [57ms]
[2022-04-07T09:30:21.721Z] > git for-each-ref --format=%(refname)%00%(upstream:short)%00%(objectname)%00%(upstream:track) refs/heads/master refs/remotes/master [88ms]
[2022-04-07T09:30:21.862Z] > git for-each-ref --sort -committerdate --format %(refname) %(objectname) %(*objectname) [107ms]
[2022-04-07T09:30:21.865Z] > git remote --verbose [75ms]
[2022-04-07T09:30:22.073Z] > git config --get commit.template [164ms]
[2022-04-07T09:30:28.492Z] > git symbolic-ref --short HEAD [66ms]
[2022-04-07T09:30:28.639Z] > git for-each-ref --format=%(refname)%00%(upstream:short)%00%(objectname)%00%(upstream:track) refs/heads/master refs/remotes/master [105ms]
[2022-04-07T09:30:28.795Z] > git for-each-ref --sort -committerdate --format %(refname) %(objectname) %(*objectname) [117ms]
[2022-04-07T09:30:28.807Z] > git remote --verbose [92ms]
[2022-04-07T09:30:29.074Z] > git config --get commit.template [216ms]
[2022-04-07T09:30:35.395Z] > git symbolic-ref --short HEAD [63ms]
[2022-04-07T09:30:35.523Z] > git for-each-ref --format=%(refname)%00%(upstream:short)%00%(objectname)%00%(upstream:track) refs/heads/master refs/remotes/master [101ms]
[2022-04-07T09:30:35.658Z] > git for-each-ref --sort -committerdate --format %(refname) %(objectname) %(*objectname) [101ms]
[2022-04-07T09:30:35.665Z] > git remote --verbose [69ms]
[2022-04-07T09:30:35.758Z] > git config --get commit.template [50ms]
[2022-04-07T09:30:41.978Z] > git symbolic-ref --short HEAD [60ms]
[2022-04-07T09:30:42.085Z] > git for-each-ref --format=%(refname)%00%(upstream:short)%00%(objectname)%00%(upstream:track) refs/heads/master refs/remotes/master [77ms]
[2022-04-07T09:30:42.209Z] > git for-each-ref --sort -committerdate --format %(refname) %(objectname) %(*objectname) [94ms]
[2022-04-07T09:30:42.217Z] > git remote --verbose [68ms]
[2022-04-07T09:30:42.300Z] > git config --get commit.template [42ms]
[2022-04-07T09:30:48.759Z] > git symbolic-ref --short HEAD [72ms]
[2022-04-07T09:30:49.024Z] > git for-each-ref --format=%(refname)%00%(upstream:short)%00%(objectname)%00%(upstream:track) refs/heads/master refs/remotes/master [225ms]
[2022-04-07T09:30:49.231Z] > git remote --verbose [115ms]
[2022-04-07T09:30:49.239Z] > git for-each-ref --sort -committerdate --format %(refname) %(objectname) %(*objectname) [184ms]
[2022-04-07T09:30:49.538Z] > git config --get commit.template [230ms]
[2022-04-07T09:30:55.923Z] > git symbolic-ref --short HEAD [73ms]
[2022-04-07T09:30:56.042Z] > git for-each-ref --format=%(refname)%00%(upstream:short)%00%(objectname)%00%(upstream:track) refs/heads/master refs/remotes/master [83ms]
[2022-04-07T09:30:56.143Z] > git for-each-ref --sort -committerdate --format %(refname) %(objectname) %(*objectname) [72ms]
[2022-04-07T09:30:56.146Z] > git remote --verbose [51ms]
[2022-04-07T09:30:56.223Z] > git config --get commit.template [45ms]
[2022-04-07T09:31:02.476Z] > git symbolic-ref --short HEAD [60ms]
[2022-04-07T09:31:02.576Z] > git for-each-ref --format=%(refname)%00%(upstream:short)%00%(objectname)%00%(upstream:track) refs/heads/master refs/remotes/master [71ms]
[2022-04-07T09:31:02.689Z] > git for-each-ref --sort -committerdate --format %(refname) %(objectname) %(*objectname) [83ms]
[2022-04-07T09:31:02.692Z] > git remote --verbose [57ms]
[2022-04-07T09:31:02.776Z] > git config --get commit.template [48ms]
[2022-04-07T09:31:08.853Z] > git symbolic-ref --short HEAD [65ms]
[2022-04-07T09:31:08.968Z] > git for-each-ref --format=%(refname)%00%(upstream:short)%00%(objectname)%00%(upstream:track) refs/heads/master refs/remotes/master [75ms]
[2022-04-07T09:31:09.093Z] > git for-each-ref --sort -committerdate --format %(refname) %(objectname) %(*objectname) [91ms]
[2022-04-07T09:31:09.099Z] > git remote --verbose [52ms]
[2022-04-07T09:31:09.202Z] > git config --get commit.template [61ms]
[2022-04-07T09:31:15.473Z] > git symbolic-ref --short HEAD [59ms]
[2022-04-07T09:31:15.568Z] > git for-each-ref --format=%(refname)%00%(upstream:short)%00%(objectname)%00%(upstream:track) refs/heads/master refs/remotes/master [63ms]
[2022-04-07T09:31:15.807Z] > git remote --verbose [152ms]
[2022-04-07T09:31:15.865Z] > git for-each-ref --sort -committerdate --format %(refname) %(objectname) %(*objectname) [263ms]
[2022-04-07T09:31:16.279Z] > git config --get commit.template [235ms]
[2022-04-07T09:31:22.394Z] > git symbolic-ref --short HEAD [52ms]
[2022-04-07T09:31:22.487Z] > git for-each-ref --format=%(refname)%00%(upstream:short)%00%(objectname)%00%(upstream:track) refs/heads/master refs/remotes/master [65ms]
[2022-04-07T09:31:22.585Z] > git for-each-ref --sort -committerdate --format %(refname) %(objectname) %(*objectname) [72ms]
[2022-04-07T09:31:22.589Z] > git remote --verbose [49ms]
[2022-04-07T09:31:22.672Z] > git config --get commit.template [45ms]
[2022-04-07T09:31:28.898Z] > git symbolic-ref --short HEAD [55ms]
[2022-04-07T09:31:28.992Z] > git for-each-ref --format=%(refname)%00%(upstream:short)%00%(objectname)%00%(upstream:track) refs/heads/master refs/remotes/master [70ms]
[2022-04-07T09:31:29.077Z] > git for-each-ref --sort -committerdate --format %(refname) %(objectname) %(*objectname) [60ms]
[2022-04-07T09:31:29.081Z] > git remote --verbose [41ms]
[2022-04-07T09:31:29.174Z] > git config --get commit.template [50ms]
[2022-04-07T09:31:35.726Z] > git symbolic-ref --short HEAD [58ms]
[2022-04-07T09:31:35.847Z] > git for-each-ref --format=%(refname)%00%(upstream:short)%00%(objectname)%00%(upstream:track) refs/heads/master refs/remotes/master [68ms]
[2022-04-07T09:31:36.030Z] > git for-each-ref --sort -committerdate --format %(refname) %(objectname) %(*objectname) [132ms]
[2022-04-07T09:31:36.053Z] > git remote --verbose [72ms]
[2022-04-07T09:31:36.147Z] > git config --get commit.template [52ms]
[2022-04-07T09:31:42.467Z] > git symbolic-ref --short HEAD [54ms]
[2022-04-07T09:31:42.567Z] > git for-each-ref --format=%(refname)%00%(upstream:short)%00%(objectname)%00%(upstream:track) refs/heads/master refs/remotes/master [71ms]
[2022-04-07T09:31:42.675Z] > git remote --verbose [56ms]
[2022-04-07T09:31:42.679Z] > git for-each-ref --sort -committerdate --format %(refname) %(objectname) %(*objectname) [86ms]
[2022-04-07T09:31:42.764Z] > git config --get commit.template [51ms]
[2022-04-07T09:31:48.935Z] > git symbolic-ref --short HEAD [54ms]
[2022-04-07T09:31:49.055Z] > git for-each-ref --format=%(refname)%00%(upstream:short)%00%(objectname)%00%(upstream:track) refs/heads/master refs/remotes/master [92ms]
[2022-04-07T09:31:49.212Z] > git remote --verbose [93ms]
[2022-04-07T09:31:49.222Z] > git for-each-ref --sort -committerdate --format %(refname) %(objectname) %(*objectname) [137ms]
[2022-04-07T09:31:49.518Z] > git config --get commit.template [240ms]
[2022-04-07T09:31:55.695Z] > git symbolic-ref --short HEAD [54ms]
[2022-04-07T09:31:55.787Z] > git for-each-ref --format=%(refname)%00%(upstream:short)%00%(objectname)%00%(upstream:track) refs/heads/master refs/remotes/master [66ms]
[2022-04-07T09:31:55.864Z] > git for-each-ref --sort -committerdate --format %(refname) %(objectname) %(*objectname) [53ms]
[2022-04-07T09:31:55.870Z] > git remote --verbose [35ms]
[2022-04-07T09:31:55.943Z] > git config --get commit.template [36ms]
[2022-04-07T09:32:02.197Z] > git symbolic-ref --short HEAD [64ms]
[2022-04-07T09:32:02.313Z] > git for-each-ref --format=%(refname)%00%(upstream:short)%00%(objectname)%00%(upstream:track) refs/heads/master refs/remotes/master [80ms]
[2022-04-07T09:32:02.420Z] > git remote --verbose [57ms]
[2022-04-07T09:32:02.426Z] > git for-each-ref --sort -committerdate --format %(refname) %(objectname) %(*objectname) [87ms]
[2022-04-07T09:32:02.510Z] > git config --get commit.template [50ms]
[2022-04-07T09:32:08.805Z] > git symbolic-ref --short HEAD [63ms]
[2022-04-07T09:32:08.910Z] > git for-each-ref --format=%(refname)%00%(upstream:short)%00%(objectname)%00%(upstream:track) refs/heads/master refs/remotes/master [76ms]
[2022-04-07T09:32:09.012Z] > git remote --verbose [49ms]
[2022-04-07T09:32:09.016Z] > git for-each-ref --sort -committerdate --format %(refname) %(objectname) %(*objectname) [79ms]
[2022-04-07T09:32:09.097Z] > git config --get commit.template [45ms]
[2022-04-07T09:32:15.891Z] > git symbolic-ref --short HEAD [85ms]
[2022-04-07T09:32:16.042Z] > git for-each-ref --format=%(refname)%00%(upstream:short)%00%(objectname)%00%(upstream:track) refs/heads/master refs/remotes/master [116ms]
[2022-04-07T09:32:16.177Z] > git remote --verbose [57ms]
[2022-04-07T09:32:16.183Z] > git for-each-ref --sort -committerdate --format %(refname) %(objectname) %(*objectname) [101ms]
[2022-04-07T09:32:16.469Z] > git config --get commit.template [247ms]
[2022-04-07T09:32:22.730Z] > git symbolic-ref --short HEAD [73ms]
[2022-04-07T09:32:22.832Z] > git for-each-ref --format=%(refname)%00%(upstream:short)%00%(objectname)%00%(upstream:track) refs/heads/master refs/remotes/master [70ms]
[2022-04-07T09:32:22.931Z] > git remote --verbose [46ms]
[2022-04-07T09:32:22.934Z] > git for-each-ref --sort -committerdate --format %(refname) %(objectname) %(*objectname) [77ms]
[2022-04-07T09:32:23.016Z] > git config --get commit.template [48ms]
[2022-04-07T09:32:29.467Z] > git symbolic-ref --short HEAD [71ms]
[2022-04-07T09:32:29.593Z] > git for-each-ref --format=%(refname)%00%(upstream:short)%00%(objectname)%00%(upstream:track) refs/heads/master refs/remotes/master [86ms]
[2022-04-07T09:32:29.704Z] > git for-each-ref --sort -committerdate --format %(refname) %(objectname) %(*objectname) [81ms]
[2022-04-07T09:32:29.708Z] > git remote --verbose [52ms]
[2022-04-07T09:32:29.785Z] > git config --get commit.template [42ms]
[2022-04-07T09:32:36.115Z] > git symbolic-ref --short HEAD [131ms]
[2022-04-07T09:32:36.244Z] > git for-each-ref --format=%(refname)%00%(upstream:short)%00%(objectname)%00%(upstream:track) refs/heads/master refs/remotes/master [93ms]
[2022-04-07T09:32:36.359Z] > git remote --verbose [52ms]
[2022-04-07T09:32:36.363Z] > git for-each-ref --sort -committerdate --format %(refname) %(objectname) %(*objectname) [87ms]
[2022-04-07T09:32:36.601Z] > git config --get commit.template [195ms]
[2022-04-07T09:32:43.171Z] > git symbolic-ref --short HEAD [86ms]
[2022-04-07T09:32:43.315Z] > git for-each-ref --format=%(refname)%00%(upstream:short)%00%(objectname)%00%(upstream:track) refs/heads/master refs/remotes/master [104ms]
[2022-04-07T09:32:43.442Z] > git for-each-ref --sort -committerdate --format %(refname) %(objectname) %(*objectname) [94ms]
[2022-04-07T09:32:43.451Z] > git remote --verbose [72ms]
[2022-04-07T09:32:43.742Z] > git config --get commit.template [233ms]
[2022-04-07T09:32:50.222Z] > git symbolic-ref --short HEAD [58ms]
[2022-04-07T09:32:50.340Z] > git for-each-ref --format=%(refname)%00%(upstream:short)%00%(objectname)%00%(upstream:track) refs/heads/master refs/remotes/master [83ms]
[2022-04-07T09:32:50.456Z] > git remote --verbose [55ms]
[2022-04-07T09:32:50.460Z] > git for-each-ref --sort -committerdate --format %(refname) %(objectname) %(*objectname) [91ms]
[2022-04-07T09:32:50.558Z] > git config --get commit.template [55ms]
[2022-04-07T09:32:57.017Z] > git symbolic-ref --short HEAD [53ms]
[2022-04-07T09:32:57.113Z] > git for-each-ref --format=%(refname)%00%(upstream:short)%00%(objectname)%00%(upstream:track) refs/heads/master refs/remotes/master [69ms]
[2022-04-07T09:32:57.218Z] > git remote --verbose [53ms]
[2022-04-07T09:32:57.223Z] > git for-each-ref --sort -committerdate --format %(refname) %(objectname) %(*objectname) [83ms]
[2022-04-07T09:32:57.300Z] > git config --get commit.template [44ms]
[2022-04-07T09:33:03.799Z] > git symbolic-ref --short HEAD [69ms]
[2022-04-07T09:33:03.933Z] > git for-each-ref --format=%(refname)%00%(upstream:short)%00%(objectname)%00%(upstream:track) refs/heads/master refs/remotes/master [95ms]
[2022-04-07T09:33:04.068Z] > git for-each-ref --sort -committerdate --format %(refname) %(objectname) %(*objectname) [97ms]
[2022-04-07T09:33:04.071Z] > git remote --verbose [60ms]
[2022-04-07T09:33:04.375Z] > git config --get commit.template [252ms]
[2022-04-07T09:33:11.135Z] > git symbolic-ref --short HEAD [59ms]
[2022-04-07T09:33:11.226Z] > git for-each-ref --format=%(refname)%00%(upstream:short)%00%(objectname)%00%(upstream:track) refs/heads/master refs/remotes/master [63ms]
[2022-04-07T09:33:11.345Z] > git remote --verbose [59ms]
[2022-04-07T09:33:11.347Z] > git for-each-ref --sort -committerdate --format %(refname) %(objectname) %(*objectname) [89ms]
[2022-04-07T09:33:11.443Z] > git config --get commit.template [54ms]
[2022-04-07T09:33:17.629Z] > git symbolic-ref --short HEAD [52ms]
[2022-04-07T09:33:17.734Z] > git for-each-ref --format=%(refname)%00%(upstream:short)%00%(objectname)%00%(upstream:track) refs/heads/master refs/remotes/master [77ms]
[2022-04-07T09:33:17.847Z] > git remote --verbose [58ms]
[2022-04-07T09:33:17.852Z] > git for-each-ref --sort -committerdate --format %(refname) %(objectname) %(*objectname) [92ms]
[2022-04-07T09:33:17.928Z] > git config --get commit.template [41ms]
[2022-04-07T09:33:24.121Z] > git symbolic-ref --short HEAD [68ms]
[2022-04-07T09:33:24.291Z] > git for-each-ref --format=%(refname)%00%(upstream:short)%00%(objectname)%00%(upstream:track) refs/heads/master refs/remotes/master [133ms]
[2022-04-07T09:33:24.466Z] > git for-each-ref --sort -committerdate --format %(refname) %(objectname) %(*objectname) [127ms]
[2022-04-07T09:33:24.471Z] > git remote --verbose [71ms]
[2022-04-07T09:33:24.588Z] > git config --get commit.template [58ms]
[2022-04-07T09:33:30.900Z] > git symbolic-ref --short HEAD [51ms]
[2022-04-07T09:33:30.986Z] > git for-each-ref --format=%(refname)%00%(upstream:short)%00%(objectname)%00%(upstream:track) refs/heads/master refs/remotes/master [62ms]
[2022-04-07T09:33:31.080Z] > git for-each-ref --sort -committerdate --format %(refname) %(objectname) %(*objectname) [65ms]
[2022-04-07T09:33:31.085Z] > git remote --verbose [45ms]
[2022-04-07T09:33:31.152Z] > git config --get commit.template [34ms]
[2022-04-07T09:33:37.651Z] > git symbolic-ref --short HEAD [61ms]
[2022-04-07T09:33:37.772Z] > git for-each-ref --format=%(refname)%00%(upstream:short)%00%(objectname)%00%(upstream:track) refs/heads/master refs/remotes/master [94ms]
[2022-04-07T09:33:37.930Z] > git remote --verbose [84ms]
[2022-04-07T09:33:37.935Z] > git for-each-ref --sort -committerdate --format %(refname) %(objectname) %(*objectname) [124ms]
[2022-04-07T09:33:38.017Z] > git config --get commit.template [45ms]
[2022-04-07T09:33:44.268Z] > git symbolic-ref --short HEAD [57ms]
[2022-04-07T09:33:44.367Z] > git for-each-ref --format=%(refname)%00%(upstream:short)%00%(objectname)%00%(upstream:track) refs/heads/master refs/remotes/master [72ms]
[2022-04-07T09:33:44.479Z] > git for-each-ref --sort -committerdate --format %(refname) %(objectname) %(*objectname) [87ms]
[2022-04-07T09:33:44.483Z] > git remote --verbose [64ms]
[2022-04-07T09:33:44.566Z] > git config --get commit.template [50ms]
[2022-04-07T09:33:51.197Z] > git symbolic-ref --short HEAD [56ms]
[2022-04-07T09:33:51.297Z] > git for-each-ref --format=%(refname)%00%(upstream:short)%00%(objectname)%00%(upstream:track) refs/heads/master refs/remotes/master [73ms]
[2022-04-07T09:33:51.422Z] > git for-each-ref --sort -committerdate --format %(refname) %(objectname) %(*objectname) [81ms]
[2022-04-07T09:33:51.425Z] > git remote --verbose [57ms]
[2022-04-07T09:33:51.517Z] > git config --get commit.template [43ms]
[2022-04-07T09:33:57.830Z] > git symbolic-ref --short HEAD [58ms]
[2022-04-07T09:33:57.939Z] > git for-each-ref --format=%(refname)%00%(upstream:short)%00%(objectname)%00%(upstream:track) refs/heads/master refs/remotes/master [79ms]
[2022-04-07T09:33:58.062Z] > git for-each-ref --sort -committerdate --format %(refname) %(objectname) %(*objectname) [88ms]
[2022-04-07T09:33:58.071Z] > git remote --verbose [61ms]
[2022-04-07T09:33:58.304Z] > git config --get commit.template [185ms]
[2022-04-07T09:34:05.553Z] > git symbolic-ref --short HEAD [69ms]
[2022-04-07T09:34:05.673Z] > git for-each-ref --format=%(refname)%00%(upstream:short)%00%(objectname)%00%(upstream:track) refs/heads/master refs/remotes/master [83ms]
[2022-04-07T09:34:05.799Z] > git for-each-ref --sort -committerdate --format %(refname) %(objectname) %(*objectname) [89ms]
[2022-04-07T09:34:05.806Z] > git remote --verbose [61ms]
[2022-04-07T09:34:05.902Z] > git config --get commit.template [50ms]
[2022-04-07T09:34:12.358Z] > git symbolic-ref --short HEAD [97ms]
[2022-04-07T09:34:12.476Z] > git for-each-ref --format=%(refname)%00%(upstream:short)%00%(objectname)%00%(upstream:track) refs/heads/master refs/remotes/master [81ms]
[2022-04-07T09:34:12.577Z] > git for-each-ref --sort -committerdate --format %(refname) %(objectname) %(*objectname) [73ms]
[2022-04-07T09:34:12.580Z] > git remote --verbose [53ms]
[2022-04-07T09:34:12.659Z] > git config --get commit.template [43ms]
[2022-04-07T09:34:18.920Z] > git symbolic-ref --short HEAD [78ms]
[2022-04-07T09:34:19.034Z] > git for-each-ref --format=%(refname)%00%(upstream:short)%00%(objectname)%00%(upstream:track) refs/heads/master refs/remotes/master [75ms]
[2022-04-07T09:34:19.141Z] > git remote --verbose [56ms]
[2022-04-07T09:34:19.142Z] > git for-each-ref --sort -committerdate --format %(refname) %(objectname) %(*objectname) [83ms]
[2022-04-07T09:34:19.228Z] > git config --get commit.template [52ms]
[2022-04-07T09:34:25.487Z] > git symbolic-ref --short HEAD [61ms]
[2022-04-07T09:34:25.594Z] > git for-each-ref --format=%(refname)%00%(upstream:short)%00%(objectname)%00%(upstream:track) refs/heads/master refs/remotes/master [75ms]
[2022-04-07T09:34:25.715Z] > git remote --verbose [53ms]
[2022-04-07T09:34:25.716Z] > git for-each-ref --sort -committerdate --format %(refname) %(objectname) %(*objectname) [96ms]
[2022-04-07T09:34:25.785Z] > git config --get commit.template [36ms]
[2022-04-07T09:34:31.983Z] > git symbolic-ref --short HEAD [66ms]
[2022-04-07T09:34:32.102Z] > git for-each-ref --format=%(refname)%00%(upstream:short)%00%(objectname)%00%(upstream:track) refs/heads/master refs/remotes/master [88ms]
[2022-04-07T09:34:32.224Z] > git for-each-ref --sort -committerdate --format %(refname) %(objectname) %(*objectname) [91ms]
[2022-04-07T09:34:32.226Z] > git remote --verbose [66ms]
[2022-04-07T09:34:32.317Z] > git config --get commit.template [48ms]
[2022-04-07T09:34:39.285Z] > git symbolic-ref --short HEAD [98ms]
[2022-04-07T09:34:39.417Z] > git for-each-ref --format=%(refname)%00%(upstream:short)%00%(objectname)%00%(upstream:track) refs/heads/master refs/remotes/master [92ms]
[2022-04-07T09:34:39.571Z] > git for-each-ref --sort -committerdate --format %(refname) %(objectname) %(*objectname) [115ms]
[2022-04-07T09:34:39.576Z] > git remote --verbose [74ms]
[2022-04-07T09:34:39.683Z] > git config --get commit.template [59ms]
[2022-04-07T09:34:46.054Z] > git symbolic-ref --short HEAD [46ms]
[2022-04-07T09:34:46.144Z] > git for-each-ref --format=%(refname)%00%(upstream:short)%00%(objectname)%00%(upstream:track) refs/heads/master refs/remotes/master [64ms]
[2022-04-07T09:34:46.242Z] > git remote --verbose [40ms]
[2022-04-07T09:34:46.245Z] > git for-each-ref --sort -committerdate --format %(refname) %(objectname) %(*objectname) [73ms]
[2022-04-07T09:34:46.314Z] > git config --get commit.template [34ms]
[2022-04-07T09:34:52.835Z] > git symbolic-ref --short HEAD [59ms]
[2022-04-07T09:34:52.938Z] > git for-each-ref --format=%(refname)%00%(upstream:short)%00%(objectname)%00%(upstream:track) refs/heads/master refs/remotes/master [73ms]
[2022-04-07T09:34:53.032Z] > git for-each-ref --sort -committerdate --format %(refname) %(objectname) %(*objectname) [66ms]
[2022-04-07T09:34:53.034Z] > git remote --verbose [32ms]
[2022-04-07T09:34:53.108Z] > git config --get commit.template [39ms]
[2022-04-07T09:34:56.103Z] > git ls-files --stage -- /root/Desktop/projects/nodejsbegins/.gitignore [70ms]
[2022-04-07T09:34:56.230Z] > git cat-file -s b512c09d476623ff4bf8d0d63c29b784925dbdf8 [85ms]
[2022-04-07T09:34:59.605Z] > git symbolic-ref --short HEAD [77ms]
[2022-04-07T09:34:59.728Z] > git for-each-ref --format=%(refname)%00%(upstream:short)%00%(objectname)%00%(upstream:track) refs/heads/master refs/remotes/master [89ms]
[2022-04-07T09:34:59.835Z] > git remote --verbose [48ms]
[2022-04-07T09:34:59.839Z] > git for-each-ref --sort -committerdate --format %(refname) %(objectname) %(*objectname) [81ms]
[2022-04-07T09:34:59.929Z] > git config --get commit.template [49ms]
[2022-04-07T09:35:06.761Z] > git symbolic-ref --short HEAD [101ms]
[2022-04-07T09:35:06.876Z] > git for-each-ref --format=%(refname)%00%(upstream:short)%00%(objectname)%00%(upstream:track) refs/heads/master refs/remotes/master [81ms]
[2022-04-07T09:35:07.210Z] > git for-each-ref --sort -committerdate --format %(refname) %(objectname) %(*objectname) [292ms]
[2022-04-07T09:35:07.220Z] > git remote --verbose [233ms]
[2022-04-07T09:35:07.319Z] > git config --get commit.template [48ms]
[2022-04-07T09:35:13.815Z] > git symbolic-ref --short HEAD [68ms]
[2022-04-07T09:35:13.926Z] > git for-each-ref --format=%(refname)%00%(upstream:short)%00%(objectname)%00%(upstream:track) refs/heads/master refs/remotes/master [76ms]
[2022-04-07T09:35:14.074Z] > git for-each-ref --sort -committerdate --format %(refname) %(objectname) %(*objectname) [106ms]
[2022-04-07T09:35:14.081Z] > git remote --verbose [79ms]
[2022-04-07T09:35:14.175Z] > git config --get commit.template [56ms]
[2022-04-07T09:35:19.802Z] > git ls-files --stage -- /root/Desktop/projects/nodejsbegins/app.js [70ms]
[2022-04-07T09:35:19.918Z] > git cat-file -s 8b002c1f63f4b9f92fec434e708ba6e89ee70682 [84ms]
[2022-04-07T09:35:20.658Z] > git symbolic-ref --short HEAD [77ms]
[2022-04-07T09:35:20.774Z] > git for-each-ref --format=%(refname)%00%(upstream:short)%00%(objectname)%00%(upstream:track) refs/heads/master refs/remotes/master [84ms]
[2022-04-07T09:35:20.891Z] > git remote --verbose [45ms]
[2022-04-07T09:35:20.895Z] > git for-each-ref --sort -committerdate --format %(refname) %(objectname) %(*objectname) [85ms]
[2022-04-07T09:35:20.994Z] > git config --get commit.template [54ms]
[2022-04-07T09:35:27.288Z] > git symbolic-ref --short HEAD [65ms]
[2022-04-07T09:35:27.387Z] > git for-each-ref --format=%(refname)%00%(upstream:short)%00%(objectname)%00%(upstream:track) refs/heads/master refs/remotes/master [70ms]
[2022-04-07T09:35:27.519Z] > git for-each-ref --sort -committerdate --format %(refname) %(objectname) %(*objectname) [105ms]
[2022-04-07T09:35:27.524Z] > git remote --verbose [73ms]
[2022-04-07T09:35:27.612Z] > git config --get commit.template [52ms]
[2022-04-07T09:35:34.108Z] > git symbolic-ref --short HEAD [84ms]
[2022-04-07T09:35:34.250Z] > git for-each-ref --format=%(refname)%00%(upstream:short)%00%(objectname)%00%(upstream:track) refs/heads/master refs/remotes/master [105ms]
[2022-04-07T09:35:34.388Z] > git for-each-ref --sort -committerdate --format %(refname) %(objectname) %(*objectname) [97ms]
[2022-04-07T09:35:34.394Z] > git remote --verbose [66ms]
[2022-04-07T09:35:34.481Z] > git config --get commit.template [44ms]
[2022-04-07T09:35:40.709Z] > git symbolic-ref --short HEAD [61ms]
[2022-04-07T09:35:40.808Z] > git for-each-ref --format=%(refname)%00%(upstream:short)%00%(objectname)%00%(upstream:track) refs/heads/master refs/remotes/master [74ms]
[2022-04-07T09:35:40.918Z] > git remote --verbose [47ms]
[2022-04-07T09:35:40.921Z] > git for-each-ref --sort -committerdate --format %(refname) %(objectname) %(*objectname) [82ms]
[2022-04-07T09:35:41.017Z] > git config --get commit.template [57ms]
[2022-04-07T09:35:47.406Z] > git symbolic-ref --short HEAD [98ms]
[2022-04-07T09:35:47.539Z] > git for-each-ref --format=%(refname)%00%(upstream:short)%00%(objectname)%00%(upstream:track) refs/heads/master refs/remotes/master [89ms]
[2022-04-07T09:35:47.729Z] > git for-each-ref --sort -committerdate --format %(refname) %(objectname) %(*objectname) [157ms]
[2022-04-07T09:35:47.735Z] > git remote --verbose [120ms]
[2022-04-07T09:35:48.034Z] > git config --get commit.template [244ms]
[2022-04-07T09:35:54.629Z] > git symbolic-ref --short HEAD [62ms]
[2022-04-07T09:35:54.748Z] > git for-each-ref --format=%(refname)%00%(upstream:short)%00%(objectname)%00%(upstream:track) refs/heads/master refs/remotes/master [91ms]
[2022-04-07T09:35:54.866Z] > git remote --verbose [55ms]
[2022-04-07T09:35:54.872Z] > git for-each-ref --sort -committerdate --format %(refname) %(objectname) %(*objectname) [93ms]
[2022-04-07T09:35:54.958Z] > git config --get commit.template [44ms]
[2022-04-07T09:36:01.276Z] > git symbolic-ref --short HEAD [60ms]
[2022-04-07T09:36:01.373Z] > git for-each-ref --format=%(refname)%00%(upstream:short)%00%(objectname)%00%(upstream:track) refs/heads/master refs/remotes/master [69ms]
[2022-04-07T09:36:01.483Z] > git remote --verbose [56ms]
[2022-04-07T09:36:01.493Z] > git for-each-ref --sort -committerdate --format %(refname) %(objectname) %(*objectname) [91ms]
[2022-04-07T09:36:01.592Z] > git config --get commit.template [55ms]
[2022-04-07T09:36:08.005Z] > git symbolic-ref --short HEAD [60ms]
[2022-04-07T09:36:08.104Z] > git for-each-ref --format=%(refname)%00%(upstream:short)%00%(objectname)%00%(upstream:track) refs/heads/master refs/remotes/master [70ms]
[2022-04-07T09:36:08.214Z] > git remote --verbose [41ms]
[2022-04-07T09:36:08.219Z] > git for-each-ref --sort -committerdate --format %(refname) %(objectname) %(*objectname) [73ms]
[2022-04-07T09:36:08.291Z] > git config --get commit.template [39ms]
[2022-04-07T09:36:14.564Z] > git symbolic-ref --short HEAD [59ms]
[2022-04-07T09:36:14.715Z] > git for-each-ref --format=%(refname)%00%(upstream:short)%00%(objectname)%00%(upstream:track) refs/heads/master refs/remotes/master [111ms]
[2022-04-07T09:36:14.834Z] > git remote --verbose [66ms]
[2022-04-07T09:36:14.838Z] > git for-each-ref --sort -committerdate --format %(refname) %(objectname) %(*objectname) [95ms]
[2022-04-07T09:36:14.938Z] > git config --get commit.template [61ms]
[2022-04-07T09:36:21.234Z] > git symbolic-ref --short HEAD [64ms]
[2022-04-07T09:36:21.356Z] > git for-each-ref --format=%(refname)%00%(upstream:short)%00%(objectname)%00%(upstream:track) refs/heads/master refs/remotes/master [91ms]
[2022-04-07T09:36:21.480Z] > git remote --verbose [62ms]
[2022-04-07T09:36:21.486Z] > git for-each-ref --sort -committerdate --format %(refname) %(objectname) %(*objectname) [101ms]
[2022-04-07T09:36:21.739Z] > git config --get commit.template [210ms]
[2022-04-07T09:36:28.037Z] > git symbolic-ref --short HEAD [71ms]
[2022-04-07T09:36:28.154Z] > git for-each-ref --format=%(refname)%00%(upstream:short)%00%(objectname)%00%(upstream:track) refs/heads/master refs/remotes/master [84ms]
[2022-04-07T09:36:28.271Z] > git remote --verbose [54ms]
[2022-04-07T09:36:28.275Z] > git for-each-ref --sort -committerdate --format %(refname) %(objectname) %(*objectname) [93ms]
[2022-04-07T09:36:28.357Z] > git config --get commit.template [48ms]
[2022-04-07T09:36:34.676Z] > git symbolic-ref --short HEAD [62ms]
[2022-04-07T09:36:34.777Z] > git for-each-ref --format=%(refname)%00%(upstream:short)%00%(objectname)%00%(upstream:track) refs/heads/master refs/remotes/master [74ms]
[2022-04-07T09:36:34.902Z] > git remote --verbose [57ms]
[2022-04-07T09:36:34.905Z] > git for-each-ref --sort -committerdate --format %(refname) %(objectname) %(*objectname) [92ms]
[2022-04-07T09:36:34.990Z] > git config --get commit.template [36ms]
[2022-04-07T09:36:41.237Z] > git symbolic-ref --short HEAD [64ms]
[2022-04-07T09:36:41.374Z] > git for-each-ref --format=%(refname)%00%(upstream:short)%00%(objectname)%00%(upstream:track) refs/heads/master refs/remotes/master [94ms]
[2022-04-07T09:36:41.473Z] > git remote --verbose [48ms]
[2022-04-07T09:36:41.476Z] > git for-each-ref --sort -committerdate --format %(refname) %(objectname) %(*objectname) [76ms]
[2022-04-07T09:36:41.559Z] > git config --get commit.template [45ms]
[2022-04-07T09:36:47.629Z] > git symbolic-ref --short HEAD [76ms]
[2022-04-07T09:36:47.736Z] > git for-each-ref --format=%(refname)%00%(upstream:short)%00%(objectname)%00%(upstream:track) refs/heads/master refs/remotes/master [79ms]
[2022-04-07T09:36:47.843Z] > git remote --verbose [46ms]
[2022-04-07T09:36:47.846Z] > git for-each-ref --sort -committerdate --format %(refname) %(objectname) %(*objectname) [77ms]
[2022-04-07T09:36:47.939Z] > git config --get commit.template [48ms]
[2022-04-07T09:36:54.110Z] > git symbolic-ref --short HEAD [46ms]
[2022-04-07T09:36:54.187Z] > git for-each-ref --format=%(refname)%00%(upstream:short)%00%(objectname)%00%(upstream:track) refs/heads/master refs/remotes/master [54ms]
[2022-04-07T09:36:54.271Z] > git for-each-ref --sort -committerdate --format %(refname) %(objectname) %(*objectname) [59ms]
[2022-04-07T09:36:54.276Z] > git remote --verbose [41ms]
[2022-04-07T09:36:54.361Z] > git config --get commit.template [39ms]
[2022-04-07T09:37:00.619Z] > git symbolic-ref --short HEAD [60ms]
[2022-04-07T09:37:00.717Z] > git for-each-ref --format=%(refname)%00%(upstream:short)%00%(objectname)%00%(upstream:track) refs/heads/master refs/remotes/master [72ms]
[2022-04-07T09:37:00.820Z] > git for-each-ref --sort -committerdate --format %(refname) %(objectname) %(*objectname) [79ms]
[2022-04-07T09:37:00.824Z] > git remote --verbose [50ms]
[2022-04-07T09:37:00.915Z] > git config --get commit.template [46ms]
[2022-04-07T09:37:07.009Z] > git symbolic-ref --short HEAD [48ms]
[2022-04-07T09:37:07.086Z] > git for-each-ref --format=%(refname)%00%(upstream:short)%00%(objectname)%00%(upstream:track) refs/heads/master refs/remotes/master [54ms]
[2022-04-07T09:37:07.190Z] > git remote --verbose [46ms]
[2022-04-07T09:37:07.197Z] > git for-each-ref --sort -committerdate --format %(refname) %(objectname) %(*objectname) [84ms]
[2022-04-07T09:37:07.264Z] > git config --get commit.template [33ms]
[2022-04-07T09:37:13.299Z] > git symbolic-ref --short HEAD [47ms]
[2022-04-07T09:37:13.482Z] > git for-each-ref --format=%(refname)%00%(upstream:short)%00%(objectname)%00%(upstream:track) refs/heads/master refs/remotes/master [59ms]
[2022-04-07T09:37:13.684Z] > git for-each-ref --sort -committerdate --format %(refname) %(objectname) %(*objectname) [54ms]
[2022-04-07T09:37:13.687Z] > git remote --verbose [34ms]
[2022-04-07T09:37:13.757Z] > git config --get commit.template [35ms]
[2022-04-07T09:37:20.101Z] > git symbolic-ref --short HEAD [53ms]
[2022-04-07T09:37:20.189Z] > git for-each-ref --format=%(refname)%00%(upstream:short)%00%(objectname)%00%(upstream:track) refs/heads/master refs/remotes/master [63ms]
[2022-04-07T09:37:20.292Z] > git remote --verbose [51ms]
[2022-04-07T09:37:20.294Z] > git for-each-ref --sort -committerdate --format %(refname) %(objectname) %(*objectname) [79ms]
[2022-04-07T09:37:20.395Z] > git config --get commit.template [45ms]
[2022-04-07T09:37:27.080Z] > git symbolic-ref --short HEAD [82ms]
[2022-04-07T09:37:27.209Z] > git for-each-ref --format=%(refname)%00%(upstream:short)%00%(objectname)%00%(upstream:track) refs/heads/master refs/remotes/master [88ms]
[2022-04-07T09:37:27.391Z] > git remote --verbose [123ms]
[2022-04-07T09:37:27.392Z] > git for-each-ref --sort -committerdate --format %(refname) %(objectname) %(*objectname) [155ms]
[2022-04-07T09:37:27.697Z] > git config --get commit.template [214ms]
[2022-04-07T09:37:34.436Z] > git symbolic-ref --short HEAD [59ms]
[2022-04-07T09:37:34.534Z] > git for-each-ref --format=%(refname)%00%(upstream:short)%00%(objectname)%00%(upstream:track) refs/heads/master refs/remotes/master [74ms]
[2022-04-07T09:37:34.642Z] > git for-each-ref --sort -committerdate --format %(refname) %(objectname) %(*objectname) [71ms]
[2022-04-07T09:37:34.643Z] > git remote --verbose [44ms]
[2022-04-07T09:37:34.740Z] > git config --get commit.template [51ms]
[2022-04-07T09:37:40.966Z] > git symbolic-ref --short HEAD [53ms]
[2022-04-07T09:37:41.064Z] > git for-each-ref --format=%(refname)%00%(upstream:short)%00%(objectname)%00%(upstream:track) refs/heads/master refs/remotes/master [74ms]
[2022-04-07T09:37:41.190Z] > git for-each-ref --sort -committerdate --format %(refname) %(objectname) %(*objectname) [96ms]
[2022-04-07T09:37:41.195Z] > git remote --verbose [70ms]
[2022-04-07T09:37:41.284Z] > git config --get commit.template [50ms]
[2022-04-07T09:37:47.925Z] > git symbolic-ref --short HEAD [77ms]
[2022-04-07T09:37:48.028Z] > git for-each-ref --format=%(refname)%00%(upstream:short)%00%(objectname)%00%(upstream:track) refs/heads/master refs/remotes/master [71ms]
[2022-04-07T09:37:48.140Z] > git for-each-ref --sort -committerdate --format %(refname) %(objectname) %(*objectname) [83ms]
[2022-04-07T09:37:48.144Z] > git remote --verbose [53ms]
[2022-04-07T09:37:48.234Z] > git config --get commit.template [46ms]
[2022-04-07T09:37:54.539Z] > git symbolic-ref --short HEAD [58ms]
[2022-04-07T09:37:54.638Z] > git for-each-ref --format=%(refname)%00%(upstream:short)%00%(objectname)%00%(upstream:track) refs/heads/master refs/remotes/master [73ms]
[2022-04-07T09:37:54.757Z] > git for-each-ref --sort -committerdate --format %(refname) %(objectname) %(*objectname) [90ms]
[2022-04-07T09:37:54.761Z] > git remote --verbose [63ms]
[2022-04-07T09:37:54.859Z] > git config --get commit.template [50ms]
[2022-04-07T09:38:01.155Z] > git symbolic-ref --short HEAD [69ms]
[2022-04-07T09:38:01.247Z] > git for-each-ref --format=%(refname)%00%(upstream:short)%00%(objectname)%00%(upstream:track) refs/heads/master refs/remotes/master [68ms]
[2022-04-07T09:38:01.354Z] > git remote --verbose [56ms]
[2022-04-07T09:38:01.356Z] > git for-each-ref --sort -committerdate --format %(refname) %(objectname) %(*objectname) [85ms]
[2022-04-07T09:38:01.443Z] > git config --get commit.template [48ms]
[2022-04-07T09:38:07.565Z] > git symbolic-ref --short HEAD [53ms]
[2022-04-07T09:38:07.665Z] > git for-each-ref --format=%(refname)%00%(upstream:short)%00%(objectname)%00%(upstream:track) refs/heads/master refs/remotes/master [73ms]
[2022-04-07T09:38:07.767Z] > git remote --verbose [51ms]
[2022-04-07T09:38:07.771Z] > git for-each-ref --sort -committerdate --format %(refname) %(objectname) %(*objectname) [80ms]
[2022-04-07T09:38:07.849Z] > git config --get commit.template [45ms]
[2022-04-07T09:38:14.127Z] > git symbolic-ref --short HEAD [57ms]
[2022-04-07T09:38:14.216Z] > git for-each-ref --format=%(refname)%00%(upstream:short)%00%(objectname)%00%(upstream:track) refs/heads/master refs/remotes/master [64ms]
[2022-04-07T09:38:14.311Z] > git remote --verbose [42ms]
[2022-04-07T09:38:14.316Z] > git for-each-ref --sort -committerdate --format %(refname) %(objectname) %(*objectname) [73ms]
[2022-04-07T09:38:14.388Z] > git config --get commit.template [40ms]
[2022-04-07T09:38:20.793Z] > git symbolic-ref --short HEAD [69ms]
[2022-04-07T09:38:20.936Z] > git for-each-ref --format=%(refname)%00%(upstream:short)%00%(objectname)%00%(upstream:track) refs/heads/master refs/remotes/master [112ms]
[2022-04-07T09:38:21.065Z] > git remote --verbose [64ms]
[2022-04-07T09:38:21.069Z] > git for-each-ref --sort -committerdate --format %(refname) %(objectname) %(*objectname) [103ms]
[2022-04-07T09:38:21.172Z] > git config --get commit.template [45ms]
[2022-04-07T09:38:27.341Z] > git symbolic-ref --short HEAD [45ms]
[2022-04-07T09:38:27.435Z] > git for-each-ref --format=%(refname)%00%(upstream:short)%00%(objectname)%00%(upstream:track) refs/heads/master refs/remotes/master [67ms]
[2022-04-07T09:38:27.523Z] > git for-each-ref --sort -committerdate --format %(refname) %(objectname) %(*objectname) [63ms]
[2022-04-07T09:38:27.532Z] > git remote --verbose [36ms]
[2022-04-07T09:38:27.600Z] > git config --get commit.template [37ms]
[2022-04-07T09:38:33.718Z] > git symbolic-ref --short HEAD [55ms]
[2022-04-07T09:38:33.818Z] > git for-each-ref --format=%(refname)%00%(upstream:short)%00%(objectname)%00%(upstream:track) refs/heads/master refs/remotes/master [74ms]
[2022-04-07T09:38:33.934Z] > git remote --verbose [58ms]
[2022-04-07T09:38:33.941Z] > git for-each-ref --sort -committerdate --format %(refname) %(objectname) %(*objectname) [94ms]
[2022-04-07T09:38:34.021Z] > git config --get commit.template [45ms]
[2022-04-07T09:38:40.257Z] > git symbolic-ref --short HEAD [58ms]
[2022-04-07T09:38:40.351Z] > git for-each-ref --format=%(refname)%00%(upstream:short)%00%(objectname)%00%(upstream:track) refs/heads/master refs/remotes/master [67ms]
[2022-04-07T09:38:40.452Z] > git remote --verbose [50ms]
[2022-04-07T09:38:40.462Z] > git for-each-ref --sort -committerdate --format %(refname) %(objectname) %(*objectname) [86ms]
[2022-04-07T09:38:40.552Z] > git config --get commit.template [55ms]
[2022-04-07T09:38:46.753Z] > git symbolic-ref --short HEAD [60ms]
[2022-04-07T09:38:46.853Z] > git for-each-ref --format=%(refname)%00%(upstream:short)%00%(objectname)%00%(upstream:track) refs/heads/master refs/remotes/master [69ms]
[2022-04-07T09:38:46.963Z] > git for-each-ref --sort -committerdate --format %(refname) %(objectname) %(*objectname) [84ms]
[2022-04-07T09:38:46.965Z] > git remote --verbose [60ms]
[2022-04-07T09:38:47.040Z] > git config --get commit.template [41ms]
[2022-04-07T09:38:53.475Z] > git symbolic-ref --short HEAD [74ms]
[2022-04-07T09:38:53.562Z] > git for-each-ref --format=%(refname)%00%(upstream:short)%00%(objectname)%00%(upstream:track) refs/heads/master refs/remotes/master [61ms]
[2022-04-07T09:38:53.672Z] > git for-each-ref --sort -committerdate --format %(refname) %(objectname) %(*objectname) [81ms]
[2022-04-07T09:38:53.676Z] > git remote --verbose [49ms]
[2022-04-07T09:38:53.769Z] > git config --get commit.template [51ms]
[2022-04-07T09:39:00.140Z] > git symbolic-ref --short HEAD [70ms]
[2022-04-07T09:39:00.238Z] > git for-each-ref --format=%(refname)%00%(upstream:short)%00%(objectname)%00%(upstream:track) refs/heads/master refs/remotes/master [71ms]
[2022-04-07T09:39:00.344Z] > git remote --verbose [55ms]
[2022-04-07T09:39:00.345Z] > git for-each-ref --sort -committerdate --format %(refname) %(objectname) %(*objectname) [82ms]
[2022-04-07T09:39:00.423Z] > git config --get commit.template [44ms]
[2022-04-07T09:39:06.724Z] > git symbolic-ref --short HEAD [52ms]
[2022-04-07T09:39:06.810Z] > git for-each-ref --format=%(refname)%00%(upstream:short)%00%(objectname)%00%(upstream:track) refs/heads/master refs/remotes/master [62ms]
[2022-04-07T09:39:06.890Z] > git for-each-ref --sort -committerdate --format %(refname) %(objectname) %(*objectname) [57ms]
[2022-04-07T09:39:06.893Z] > git remote --verbose [36ms]
[2022-04-07T09:39:06.972Z] > git config --get commit.template [46ms]
[2022-04-07T09:39:13.280Z] > git symbolic-ref --short HEAD [60ms]
[2022-04-07T09:39:13.387Z] > git for-each-ref --format=%(refname)%00%(upstream:short)%00%(objectname)%00%(upstream:track) refs/heads/master refs/remotes/master [81ms]
[2022-04-07T09:39:13.494Z] > git for-each-ref --sort -committerdate --format %(refname) %(objectname) %(*objectname) [77ms]
[2022-04-07T09:39:13.498Z] > git remote --verbose [54ms]
[2022-04-07T09:39:13.583Z] > git config --get commit.template [48ms]
[2022-04-07T09:39:19.705Z] > git ls-files --stage -- /root/Desktop/projects/nodejsbegins/app.js [180ms]
[2022-04-07T09:39:19.830Z] > git cat-file -s 8b002c1f63f4b9f92fec434e708ba6e89ee70682 [83ms]
[2022-04-07T09:39:20.069Z] > git symbolic-ref --short HEAD [76ms]
[2022-04-07T09:39:20.183Z] > git for-each-ref --format=%(refname)%00%(upstream:short)%00%(objectname)%00%(upstream:track) refs/heads/master refs/remotes/master [82ms]
[2022-04-07T09:39:20.304Z] > git remote --verbose [56ms]
[2022-04-07T09:39:20.319Z] > git for-each-ref --sort -committerdate --format %(refname) %(objectname) %(*objectname) [108ms]
[2022-04-07T09:39:20.404Z] > git config --get commit.template [51ms]
[2022-04-07T09:39:26.605Z] > git symbolic-ref --short HEAD [57ms]
[2022-04-07T09:39:26.691Z] > git for-each-ref --format=%(refname)%00%(upstream:short)%00%(objectname)%00%(upstream:track) refs/heads/master refs/remotes/master [60ms]
[2022-04-07T09:39:26.783Z] > git remote --verbose [39ms]
[2022-04-07T09:39:26.788Z] > git for-each-ref --sort -committerdate --format %(refname) %(objectname) %(*objectname) [73ms]
[2022-04-07T09:39:26.857Z] > git config --get commit.template [40ms]
[2022-04-07T09:39:33.196Z] > git symbolic-ref --short HEAD [157ms]
[2022-04-07T09:39:33.332Z] > git for-each-ref --format=%(refname)%00%(upstream:short)%00%(objectname)%00%(upstream:track) refs/heads/master refs/remotes/master [96ms]
[2022-04-07T09:39:33.452Z] > git remote --verbose [56ms]
[2022-04-07T09:39:33.456Z] > git for-each-ref --sort -committerdate --format %(refname) %(objectname) %(*objectname) [92ms]
[2022-04-07T09:39:33.538Z] > git config --get commit.template [48ms]
[2022-04-07T09:39:39.752Z] > git symbolic-ref --short HEAD [56ms]
[2022-04-07T09:39:39.860Z] > git for-each-ref --format=%(refname)%00%(upstream:short)%00%(objectname)%00%(upstream:track) refs/heads/master refs/remotes/master [76ms]
[2022-04-07T09:39:39.968Z] > git for-each-ref --sort -committerdate --format %(refname) %(objectname) %(*objectname) [81ms]
[2022-04-07T09:39:39.972Z] > git remote --verbose [56ms]
[2022-04-07T09:39:40.046Z] > git config --get commit.template [42ms]
[2022-04-07T09:39:46.283Z] > git symbolic-ref --short HEAD [65ms]
[2022-04-07T09:39:46.398Z] > git for-each-ref --format=%(refname)%00%(upstream:short)%00%(objectname)%00%(upstream:track) refs/heads/master refs/remotes/master [87ms]
[2022-04-07T09:39:46.526Z] > git for-each-ref --sort -committerdate --format %(refname) %(objectname) %(*objectname) [97ms]
[2022-04-07T09:39:46.529Z] > git remote --verbose [69ms]
[2022-04-07T09:39:46.606Z] > git config --get commit.template [41ms]
