[2022-04-05T11:17:27.389Z] Validating found git in: git
[2022-04-05T11:17:27.565Z] Using git 2.20.1 from git
[2022-04-05T15:50:43.488Z] > git rev-parse --git-dir [45ms]
[2022-04-05T15:50:43.557Z] Open repository: /root/Desktop/projects/nodejsbegins
[2022-04-05T15:50:44.268Z] > git symbolic-ref --short HEAD [68ms]
[2022-04-05T15:50:44.434Z] > git for-each-ref --format=%(refname)%00%(upstream:short)%00%(objectname)%00%(upstream:track) refs/heads/master refs/remotes/master [109ms]
[2022-04-05T15:50:44.569Z] > git for-each-ref --sort -committerdate --format %(refname) %(objectname) %(*objectname) [96ms]
[2022-04-05T15:50:44.570Z] > git ls-files --stage -- /root/Desktop/projects/nodejsbegins/.gitignore [145ms]
[2022-04-05T15:50:44.628Z] > git remote --verbose [116ms]
[2022-04-05T15:50:46.061Z] > git config --get commit.template [1284ms]
[2022-04-05T15:50:47.845Z] > git symbolic-ref --short HEAD [64ms]
[2022-04-05T15:50:47.977Z] > git for-each-ref --format=%(refname)%00%(upstream:short)%00%(objectname)%00%(upstream:track) refs/heads/master refs/remotes/master [89ms]
[2022-04-05T15:50:48.103Z] > git for-each-ref --sort -committerdate --format %(refname) %(objectname) %(*objectname) [78ms]
[2022-04-05T15:50:48.124Z] > git remote --verbose [57ms]
[2022-04-05T15:50:49.973Z] > git config --get commit.template [1747ms]
[2022-04-05T15:50:55.487Z] > git symbolic-ref --short HEAD [65ms]
[2022-04-05T15:50:55.583Z] > git for-each-ref --format=%(refname)%00%(upstream:short)%00%(objectname)%00%(upstream:track) refs/heads/master refs/remotes/master [59ms]
[2022-04-05T15:50:55.689Z] > git for-each-ref --sort -committerdate --format %(refname) %(objectname) %(*objectname) [65ms]
[2022-04-05T15:50:55.711Z] > git remote --verbose [47ms]
[2022-04-05T15:50:55.823Z] > git config --get commit.template [37ms]
[2022-04-05T15:51:01.390Z] > git symbolic-ref --short HEAD [49ms]
[2022-04-05T15:51:01.486Z] > git for-each-ref --format=%(refname)%00%(upstream:short)%00%(objectname)%00%(upstream:track) refs/heads/master refs/remotes/master [57ms]
[2022-04-05T15:51:01.583Z] > git for-each-ref --sort -committerdate --format %(refname) %(objectname) %(*objectname) [60ms]
[2022-04-05T15:51:01.609Z] > git remote --verbose [54ms]
[2022-04-05T15:51:03.442Z] > git config --get commit.template [1710ms]
[2022-04-05T15:51:09.035Z] > git symbolic-ref --short HEAD [45ms]
[2022-04-05T15:51:09.132Z] > git for-each-ref --format=%(refname)%00%(upstream:short)%00%(objectname)%00%(upstream:track) refs/heads/master refs/remotes/master [54ms]
[2022-04-05T15:51:09.229Z] > git for-each-ref --sort -committerdate --format %(refname) %(objectname) %(*objectname) [62ms]
[2022-04-05T15:51:09.237Z] > git remote --verbose [41ms]
[2022-04-05T15:51:10.792Z] > git config --get commit.template [1484ms]
[2022-04-05T15:51:16.421Z] > git symbolic-ref --short HEAD [59ms]
[2022-04-05T15:51:16.506Z] > git for-each-ref --format=%(refname)%00%(upstream:short)%00%(objectname)%00%(upstream:track) refs/heads/master refs/remotes/master [50ms]
[2022-04-05T15:51:16.590Z] > git for-each-ref --sort -committerdate --format %(refname) %(objectname) %(*objectname) [49ms]
[2022-04-05T15:51:16.609Z] > git remote --verbose [37ms]
[2022-04-05T15:51:16.734Z] > git config --get commit.template [35ms]
[2022-04-05T15:51:22.346Z] > git symbolic-ref --short HEAD [50ms]
[2022-04-05T15:51:22.429Z] > git for-each-ref --format=%(refname)%00%(upstream:short)%00%(objectname)%00%(upstream:track) refs/heads/master refs/remotes/master [42ms]
[2022-04-05T15:51:22.608Z] > git for-each-ref --sort -committerdate --format %(refname) %(objectname) %(*objectname) [118ms]
[2022-04-05T15:51:22.637Z] > git remote --verbose [42ms]
[2022-04-05T15:51:24.966Z] > git config --get commit.template [2254ms]
[2022-04-05T15:51:30.518Z] > git symbolic-ref --short HEAD [76ms]
[2022-04-05T15:51:30.634Z] > git for-each-ref --format=%(refname)%00%(upstream:short)%00%(objectname)%00%(upstream:track) refs/heads/master refs/remotes/master [76ms]
[2022-04-05T15:51:30.760Z] > git for-each-ref --sort -committerdate --format %(refname) %(objectname) %(*objectname) [90ms]
[2022-04-05T15:51:30.797Z] > git remote --verbose [49ms]
[2022-04-05T15:51:32.331Z] > git config --get commit.template [1453ms]
[2022-04-05T15:51:38.276Z] > git symbolic-ref --short HEAD [103ms]
[2022-04-05T15:51:38.498Z] > git for-each-ref --format=%(refname)%00%(upstream:short)%00%(objectname)%00%(upstream:track) refs/heads/master refs/remotes/master [122ms]
[2022-04-05T15:51:38.655Z] > git for-each-ref --sort -committerdate --format %(refname) %(objectname) %(*objectname) [104ms]
[2022-04-05T15:51:38.703Z] > git remote --verbose [94ms]
[2022-04-05T15:51:41.000Z] > git config --get commit.template [2160ms]
[2022-04-05T15:51:46.633Z] > git symbolic-ref --short HEAD [59ms]
[2022-04-05T15:51:46.737Z] > git for-each-ref --format=%(refname)%00%(upstream:short)%00%(objectname)%00%(upstream:track) refs/heads/master refs/remotes/master [67ms]
[2022-04-05T15:51:46.839Z] > git for-each-ref --sort -committerdate --format %(refname) %(objectname) %(*objectname) [66ms]
[2022-04-05T15:51:46.871Z] > git remote --verbose [59ms]
[2022-04-05T15:51:48.589Z] > git config --get commit.template [1485ms]
[2022-04-05T15:51:54.306Z] > git symbolic-ref --short HEAD [53ms]
[2022-04-05T15:51:54.578Z] > git for-each-ref --format=%(refname)%00%(upstream:short)%00%(objectname)%00%(upstream:track) refs/heads/master refs/remotes/master [210ms]
[2022-04-05T15:51:54.898Z] > git remote --verbose [177ms]
[2022-04-05T15:51:54.899Z] > git for-each-ref --sort -committerdate --format %(refname) %(objectname) %(*objectname) [239ms]
[2022-04-05T15:51:57.196Z] > git config --get commit.template [2180ms]
[2022-04-05T15:52:03.324Z] > git symbolic-ref --short HEAD [103ms]
