[2022-04-06T01:19:32.977Z] Validating found git in: git
[2022-04-06T01:19:33.118Z] Using git 2.20.1 from git
[2022-04-06T01:19:33.441Z] > git rev-parse --git-dir [42ms]
[2022-04-06T01:19:33.492Z] Open repository: /root/Desktop/projects/nodejsbegins
[2022-04-06T01:19:44.292Z] > git symbolic-ref --short HEAD [295ms]
[2022-04-06T01:19:44.476Z] > git for-each-ref --format=%(refname)%00%(upstream:short)%00%(objectname)%00%(upstream:track) refs/heads/master refs/remotes/master [130ms]
[2022-04-06T01:19:44.744Z] > git for-each-ref --sort -committerdate --format %(refname) %(objectname) %(*objectname) [221ms]
[2022-04-06T01:19:44.766Z] > git remote --verbose [200ms]
[2022-04-06T01:19:44.859Z] > git ls-files --stage -- /root/Desktop/projects/nodejsbegins/views/layouts/header.ejs [144ms]
[2022-04-06T01:19:45.068Z] > git cat-file -s d3bb0124fb3c0d734e5a7a122826bfe39e73f5ad [166ms]
[2022-04-06T01:19:45.071Z] > git config --get commit.template [229ms]
[2022-04-06T01:19:47.793Z] > git symbolic-ref --short HEAD [59ms]
[2022-04-06T01:19:47.897Z] > git for-each-ref --format=%(refname)%00%(upstream:short)%00%(objectname)%00%(upstream:track) refs/heads/master refs/remotes/master [63ms]
[2022-04-06T01:19:48.027Z] > git remote --verbose [61ms]
[2022-04-06T01:19:48.030Z] > git for-each-ref --sort -committerdate --format %(refname) %(objectname) %(*objectname) [96ms]
[2022-04-06T01:19:48.359Z] > git config --get commit.template [269ms]
[2022-04-06T01:20:03.219Z] > git symbolic-ref --short HEAD [50ms]
[2022-04-06T01:20:03.317Z] > git for-each-ref --format=%(refname)%00%(upstream:short)%00%(objectname)%00%(upstream:track) refs/heads/master refs/remotes/master [71ms]
[2022-04-06T01:20:03.429Z] > git for-each-ref --sort -committerdate --format %(refname) %(objectname) %(*objectname) [85ms]
[2022-04-06T01:20:03.433Z] > git remote --verbose [60ms]
[2022-04-06T01:20:03.520Z] > git config --get commit.template [45ms]
[2022-04-06T01:20:09.871Z] > git symbolic-ref --short HEAD [53ms]
[2022-04-06T01:20:10.000Z] > git for-each-ref --format=%(refname)%00%(upstream:short)%00%(objectname)%00%(upstream:track) refs/heads/master refs/remotes/master [91ms]
[2022-04-06T01:20:10.094Z] > git for-each-ref --sort -committerdate --format %(refname) %(objectname) %(*objectname) [66ms]
[2022-04-06T01:20:10.102Z] > git remote --verbose [44ms]
[2022-04-06T01:20:10.442Z] > git config --get commit.template [286ms]
[2022-04-06T01:20:16.619Z] > git symbolic-ref --short HEAD [54ms]
[2022-04-06T01:20:16.725Z] > git for-each-ref --format=%(refname)%00%(upstream:short)%00%(objectname)%00%(upstream:track) refs/heads/master refs/remotes/master [76ms]
[2022-04-06T01:20:16.845Z] > git for-each-ref --sort -committerdate --format %(refname) %(objectname) %(*objectname) [92ms]
[2022-04-06T01:20:16.848Z] > git remote --verbose [65ms]
[2022-04-06T01:20:16.933Z] > git config --get commit.template [45ms]
[2022-04-06T01:20:23.145Z] > git symbolic-ref --short HEAD [50ms]
[2022-04-06T01:20:23.244Z] > git for-each-ref --format=%(refname)%00%(upstream:short)%00%(objectname)%00%(upstream:track) refs/heads/master refs/remotes/master [71ms]
[2022-04-06T01:20:23.349Z] > git remote --verbose [52ms]
[2022-04-06T01:20:23.351Z] > git for-each-ref --sort -committerdate --format %(refname) %(objectname) %(*objectname) [79ms]
[2022-04-06T01:20:23.430Z] > git config --get commit.template [43ms]
[2022-04-06T01:20:29.699Z] > git symbolic-ref --short HEAD [47ms]
[2022-04-06T01:20:29.795Z] > git for-each-ref --format=%(refname)%00%(upstream:short)%00%(objectname)%00%(upstream:track) refs/heads/master refs/remotes/master [68ms]
[2022-04-06T01:20:29.913Z] > git remote --verbose [57ms]
[2022-04-06T01:20:29.919Z] > git for-each-ref --sort -committerdate --format %(refname) %(objectname) %(*objectname) [96ms]
[2022-04-06T01:20:29.998Z] > git config --get commit.template [42ms]
[2022-04-06T01:20:36.200Z] > git symbolic-ref --short HEAD [52ms]
[2022-04-06T01:20:36.299Z] > git for-each-ref --format=%(refname)%00%(upstream:short)%00%(objectname)%00%(upstream:track) refs/heads/master refs/remotes/master [70ms]
[2022-04-06T01:20:36.415Z] > git remote --verbose [52ms]
[2022-04-06T01:20:36.420Z] > git for-each-ref --sort -committerdate --format %(refname) %(objectname) %(*objectname) [92ms]
[2022-04-06T01:20:36.505Z] > git config --get commit.template [46ms]
[2022-04-06T01:20:42.675Z] > git symbolic-ref --short HEAD [38ms]
[2022-04-06T01:20:42.752Z] > git for-each-ref --format=%(refname)%00%(upstream:short)%00%(objectname)%00%(upstream:track) refs/heads/master refs/remotes/master [52ms]
[2022-04-06T01:20:42.830Z] > git for-each-ref --sort -committerdate --format %(refname) %(objectname) %(*objectname) [51ms]
[2022-04-06T01:20:42.836Z] > git remote --verbose [33ms]
[2022-04-06T01:20:42.904Z] > git config --get commit.template [33ms]
[2022-04-06T01:20:49.042Z] > git symbolic-ref --short HEAD [52ms]
[2022-04-06T01:20:49.137Z] > git for-each-ref --format=%(refname)%00%(upstream:short)%00%(objectname)%00%(upstream:track) refs/heads/master refs/remotes/master [69ms]
[2022-04-06T01:20:49.248Z] > git for-each-ref --sort -committerdate --format %(refname) %(objectname) %(*objectname) [85ms]
[2022-04-06T01:20:49.253Z] > git remote --verbose [56ms]
[2022-04-06T01:20:49.339Z] > git config --get commit.template [46ms]
[2022-04-06T01:20:55.601Z] > git symbolic-ref --short HEAD [43ms]
[2022-04-06T01:20:55.709Z] > git for-each-ref --format=%(refname)%00%(upstream:short)%00%(objectname)%00%(upstream:track) refs/heads/master refs/remotes/master [71ms]
[2022-04-06T01:20:55.817Z] > git for-each-ref --sort -committerdate --format %(refname) %(objectname) %(*objectname) [81ms]
[2022-04-06T01:20:55.820Z] > git remote --verbose [54ms]
[2022-04-06T01:20:55.895Z] > git config --get commit.template [39ms]
[2022-04-06T01:21:04.322Z] > git symbolic-ref --short HEAD [52ms]
[2022-04-06T01:21:04.424Z] > git for-each-ref --format=%(refname)%00%(upstream:short)%00%(objectname)%00%(upstream:track) refs/heads/master refs/remotes/master [74ms]
[2022-04-06T01:21:04.529Z] > git for-each-ref --sort -committerdate --format %(refname) %(objectname) %(*objectname) [75ms]
[2022-04-06T01:21:04.539Z] > git remote --verbose [54ms]
[2022-04-06T01:21:04.613Z] > git config --get commit.template [35ms]
[2022-04-06T01:21:10.977Z] > git symbolic-ref --short HEAD [56ms]
[2022-04-06T01:21:11.071Z] > git for-each-ref --format=%(refname)%00%(upstream:short)%00%(objectname)%00%(upstream:track) refs/heads/master refs/remotes/master [64ms]
[2022-04-06T01:21:11.172Z] > git for-each-ref --sort -committerdate --format %(refname) %(objectname) %(*objectname) [72ms]
[2022-04-06T01:21:11.174Z] > git remote --verbose [51ms]
[2022-04-06T01:21:11.252Z] > git config --get commit.template [39ms]
[2022-04-06T01:21:17.428Z] > git symbolic-ref --short HEAD [49ms]
[2022-04-06T01:21:17.542Z] > git for-each-ref --format=%(refname)%00%(upstream:short)%00%(objectname)%00%(upstream:track) refs/heads/master refs/remotes/master [82ms]
[2022-04-06T01:21:17.655Z] > git remote --verbose [58ms]
[2022-04-06T01:21:17.657Z] > git for-each-ref --sort -committerdate --format %(refname) %(objectname) %(*objectname) [85ms]
[2022-04-06T01:21:17.752Z] > git config --get commit.template [56ms]
[2022-04-06T01:21:23.931Z] > git symbolic-ref --short HEAD [46ms]
[2022-04-06T01:21:24.014Z] > git for-each-ref --format=%(refname)%00%(upstream:short)%00%(objectname)%00%(upstream:track) refs/heads/master refs/remotes/master [57ms]
[2022-04-06T01:21:24.119Z] > git remote --verbose [47ms]
[2022-04-06T01:21:24.121Z] > git for-each-ref --sort -committerdate --format %(refname) %(objectname) %(*objectname) [78ms]
[2022-04-06T01:21:24.196Z] > git config --get commit.template [38ms]
[2022-04-06T01:21:30.371Z] > git symbolic-ref --short HEAD [41ms]
[2022-04-06T01:21:30.461Z] > git for-each-ref --format=%(refname)%00%(upstream:short)%00%(objectname)%00%(upstream:track) refs/heads/master refs/remotes/master [63ms]
[2022-04-06T01:21:30.563Z] > git for-each-ref --sort -committerdate --format %(refname) %(objectname) %(*objectname) [78ms]
[2022-04-06T01:21:30.565Z] > git remote --verbose [55ms]
[2022-04-06T01:21:30.638Z] > git config --get commit.template [39ms]
[2022-04-06T01:21:36.780Z] > git symbolic-ref --short HEAD [49ms]
[2022-04-06T01:21:36.866Z] > git for-each-ref --format=%(refname)%00%(upstream:short)%00%(objectname)%00%(upstream:track) refs/heads/master refs/remotes/master [59ms]
[2022-04-06T01:21:36.976Z] > git for-each-ref --sort -committerdate --format %(refname) %(objectname) %(*objectname) [82ms]
[2022-04-06T01:21:36.978Z] > git remote --verbose [56ms]
[2022-04-06T01:21:37.054Z] > git config --get commit.template [39ms]
[2022-04-06T01:21:43.280Z] > git symbolic-ref --short HEAD [49ms]
[2022-04-06T01:21:43.368Z] > git for-each-ref --format=%(refname)%00%(upstream:short)%00%(objectname)%00%(upstream:track) refs/heads/master refs/remotes/master [63ms]
[2022-04-06T01:21:43.477Z] > git remote --verbose [52ms]
[2022-04-06T01:21:43.481Z] > git for-each-ref --sort -committerdate --format %(refname) %(objectname) %(*objectname) [83ms]
[2022-04-06T01:21:43.553Z] > git config --get commit.template [37ms]
[2022-04-06T01:21:49.801Z] > git symbolic-ref --short HEAD [58ms]
[2022-04-06T01:21:49.899Z] > git for-each-ref --format=%(refname)%00%(upstream:short)%00%(objectname)%00%(upstream:track) refs/heads/master refs/remotes/master [69ms]
[2022-04-06T01:21:50.023Z] > git for-each-ref --sort -committerdate --format %(refname) %(objectname) %(*objectname) [91ms]
[2022-04-06T01:21:50.025Z] > git remote --verbose [64ms]
[2022-04-06T01:21:50.109Z] > git config --get commit.template [47ms]
[2022-04-06T01:21:56.333Z] > git symbolic-ref --short HEAD [52ms]
[2022-04-06T01:21:56.428Z] > git for-each-ref --format=%(refname)%00%(upstream:short)%00%(objectname)%00%(upstream:track) refs/heads/master refs/remotes/master [67ms]
[2022-04-06T01:21:56.541Z] > git for-each-ref --sort -committerdate --format %(refname) %(objectname) %(*objectname) [86ms]
[2022-04-06T01:21:56.544Z] > git remote --verbose [61ms]
[2022-04-06T01:21:56.625Z] > git config --get commit.template [40ms]
[2022-04-06T01:22:02.720Z] > git symbolic-ref --short HEAD [50ms]
[2022-04-06T01:22:02.817Z] > git for-each-ref --format=%(refname)%00%(upstream:short)%00%(objectname)%00%(upstream:track) refs/heads/master refs/remotes/master [68ms]
[2022-04-06T01:22:02.928Z] > git remote --verbose [55ms]
[2022-04-06T01:22:02.930Z] > git for-each-ref --sort -committerdate --format %(refname) %(objectname) %(*objectname) [87ms]
[2022-04-06T01:22:03.002Z] > git config --get commit.template [38ms]
[2022-04-06T01:22:09.199Z] > git symbolic-ref --short HEAD [51ms]
[2022-04-06T01:22:09.300Z] > git for-each-ref --format=%(refname)%00%(upstream:short)%00%(objectname)%00%(upstream:track) refs/heads/master refs/remotes/master [71ms]
[2022-04-06T01:22:09.404Z] > git for-each-ref --sort -committerdate --format %(refname) %(objectname) %(*objectname) [80ms]
[2022-04-06T01:22:09.407Z] > git remote --verbose [58ms]
[2022-04-06T01:22:09.490Z] > git config --get commit.template [42ms]
[2022-04-06T01:22:15.740Z] > git symbolic-ref --short HEAD [50ms]
[2022-04-06T01:22:15.855Z] > git for-each-ref --format=%(refname)%00%(upstream:short)%00%(objectname)%00%(upstream:track) refs/heads/master refs/remotes/master [87ms]
[2022-04-06T01:22:15.977Z] > git remote --verbose [60ms]
[2022-04-06T01:22:15.983Z] > git for-each-ref --sort -committerdate --format %(refname) %(objectname) %(*objectname) [100ms]
[2022-04-06T01:22:16.083Z] > git config --get commit.template [55ms]
[2022-04-06T01:22:22.324Z] > git symbolic-ref --short HEAD [49ms]
[2022-04-06T01:22:22.409Z] > git for-each-ref --format=%(refname)%00%(upstream:short)%00%(objectname)%00%(upstream:track) refs/heads/master refs/remotes/master [58ms]
[2022-04-06T01:22:22.511Z] > git remote --verbose [51ms]
[2022-04-06T01:22:22.513Z] > git for-each-ref --sort -committerdate --format %(refname) %(objectname) %(*objectname) [78ms]
[2022-04-06T01:22:22.587Z] > git config --get commit.template [39ms]
